<?xml version="1.0" encoding="utf-8"?>
<test-run id="2" name="Gherkin.Specs.exe" fullname="/Users/awi/Documents/Privat/Projekte/gherkin/dotnet/Gherkin.Specs/bin/Debug/net452/osx.10.11-x64/Gherkin.Specs.exe" testcasecount="92" result="Passed" start-time="2016-06-05 09:27:15Z" end-time="2016-06-05 09:27:15Z" duration="0.574492" total="92" passed="92" failed="0" inconclusive="0" skipped="0" asserts="94" random-seed="1343332316">
  <command-line><![CDATA[/Users/awi/Documents/Privat/Projekte/gherkin/dotnet/Gherkin.Specs/bin/Debug/net452/osx.10.11-x64/Gherkin.Specs.exe]]></command-line>
  <filter />
  <test-suite type="Assembly" id="1102" name="Gherkin.Specs.exe" fullname="/Users/awi/Documents/Privat/Projekte/gherkin/dotnet/Gherkin.Specs/bin/Debug/net452/osx.10.11-x64/Gherkin.Specs.exe" runstate="Runnable" testcasecount="92" result="Passed" start-time="2016-06-05 09:27:15Z" end-time="2016-06-05 09:27:15Z" duration="0.574492" total="92" passed="92" failed="0" inconclusive="0" skipped="0" asserts="94">
    <environment framework-version="3.2.1.0" clr-version="4.0.30319.42000" os-version="Unix 15.5.0.0" platform="Unix" cwd="/Users/awi/Documents/Privat/Projekte/gherkin/dotnet/Gherkin.Specs" machine-name="ttv-awi04.local" user="awi" user-domain="ttv-awi04.local" culture="de-AT" uiculture="de-AT" os-architecture="x86" />
    <settings>
      <setting name="WorkDirectory" value="/Users/awi/Documents/Privat/Projekte/gherkin/dotnet/Gherkin.Specs" />
      <setting name="NumberOfTestWorkers" value="8" />
    </settings>
    <properties>
      <property name="_PID" value="85613" />
      <property name="_APPDOMAIN" value="Gherkin.Specs.exe" />
    </properties>
    <test-suite type="TestSuite" id="1103" name="Gherkin" fullname="Gherkin" runstate="Runnable" testcasecount="92" result="Passed" start-time="2016-06-05 09:27:15Z" end-time="2016-06-05 09:27:15Z" duration="0.568517" total="92" passed="92" failed="0" inconclusive="0" skipped="0" asserts="94">
      <test-suite type="TestSuite" id="1104" name="Specs" fullname="Gherkin.Specs" runstate="Runnable" testcasecount="92" result="Passed" start-time="2016-06-05 09:27:15Z" end-time="2016-06-05 09:27:15Z" duration="0.568309" total="92" passed="92" failed="0" inconclusive="0" skipped="0" asserts="94">
        <test-suite type="TestFixture" id="1000" name="AstBuildingTests" fullname="Gherkin.Specs.AstBuildingTests" classname="Gherkin.Specs.AstBuildingTests" runstate="Runnable" testcasecount="26" result="Passed" start-time="2016-06-05 09:27:15Z" end-time="2016-06-05 09:27:15Z" duration="0.376380" total="26" passed="26" failed="0" inconclusive="0" skipped="0" asserts="26">
          <test-suite type="ParameterizedMethod" id="1027" name="TestSuccessfulAstBuilding" fullname="Gherkin.Specs.AstBuildingTests.TestSuccessfulAstBuilding" runstate="Runnable" testcasecount="26" result="Passed" start-time="2016-06-05 09:27:15Z" end-time="2016-06-05 09:27:15Z" duration="0.374959" total="26" passed="26" failed="0" inconclusive="0" skipped="0" asserts="26">
            <test-case id="1001" name="TestSuccessfulAstBuilding(&quot;/Users/awi/Documents/Privat/Projekte/...&quot;)" fullname="Gherkin.Specs.AstBuildingTests.TestSuccessfulAstBuilding(&quot;/Users/awi/Documents/Privat/Projekte/...&quot;)" methodname="TestSuccessfulAstBuilding" classname="Gherkin.Specs.AstBuildingTests" runstate="Runnable" seed="2031539648" result="Passed" start-time="2016-06-05 09:27:15Z" end-time="2016-06-05 09:27:15Z" duration="0.230462" asserts="1" />
            <test-case id="1002" name="TestSuccessfulAstBuilding(&quot;/Users/awi/Documents/Privat/Projekte/...&quot;)" fullname="Gherkin.Specs.AstBuildingTests.TestSuccessfulAstBuilding(&quot;/Users/awi/Documents/Privat/Projekte/...&quot;)" methodname="TestSuccessfulAstBuilding" classname="Gherkin.Specs.AstBuildingTests" runstate="Runnable" seed="459524932" result="Passed" start-time="2016-06-05 09:27:15Z" end-time="2016-06-05 09:27:15Z" duration="0.016263" asserts="1" />
            <test-case id="1003" name="TestSuccessfulAstBuilding(&quot;/Users/awi/Documents/Privat/Projekte/...&quot;)" fullname="Gherkin.Specs.AstBuildingTests.TestSuccessfulAstBuilding(&quot;/Users/awi/Documents/Privat/Projekte/...&quot;)" methodname="TestSuccessfulAstBuilding" classname="Gherkin.Specs.AstBuildingTests" runstate="Runnable" seed="649728609" result="Passed" start-time="2016-06-05 09:27:15Z" end-time="2016-06-05 09:27:15Z" duration="0.018406" asserts="1" />
            <test-case id="1004" name="TestSuccessfulAstBuilding(&quot;/Users/awi/Documents/Privat/Projekte/...&quot;)" fullname="Gherkin.Specs.AstBuildingTests.TestSuccessfulAstBuilding(&quot;/Users/awi/Documents/Privat/Projekte/...&quot;)" methodname="TestSuccessfulAstBuilding" classname="Gherkin.Specs.AstBuildingTests" runstate="Runnable" seed="1054740957" result="Passed" start-time="2016-06-05 09:27:15Z" end-time="2016-06-05 09:27:15Z" duration="0.008579" asserts="1" />
            <test-case id="1005" name="TestSuccessfulAstBuilding(&quot;/Users/awi/Documents/Privat/Projekte/...&quot;)" fullname="Gherkin.Specs.AstBuildingTests.TestSuccessfulAstBuilding(&quot;/Users/awi/Documents/Privat/Projekte/...&quot;)" methodname="TestSuccessfulAstBuilding" classname="Gherkin.Specs.AstBuildingTests" runstate="Runnable" seed="1115956504" result="Passed" start-time="2016-06-05 09:27:15Z" end-time="2016-06-05 09:27:15Z" duration="0.003077" asserts="1" />
            <test-case id="1006" name="TestSuccessfulAstBuilding(&quot;/Users/awi/Documents/Privat/Projekte/...&quot;)" fullname="Gherkin.Specs.AstBuildingTests.TestSuccessfulAstBuilding(&quot;/Users/awi/Documents/Privat/Projekte/...&quot;)" methodname="TestSuccessfulAstBuilding" classname="Gherkin.Specs.AstBuildingTests" runstate="Runnable" seed="1186271629" result="Passed" start-time="2016-06-05 09:27:15Z" end-time="2016-06-05 09:27:15Z" duration="0.003590" asserts="1" />
            <test-case id="1007" name="TestSuccessfulAstBuilding(&quot;/Users/awi/Documents/Privat/Projekte/...&quot;)" fullname="Gherkin.Specs.AstBuildingTests.TestSuccessfulAstBuilding(&quot;/Users/awi/Documents/Privat/Projekte/...&quot;)" methodname="TestSuccessfulAstBuilding" classname="Gherkin.Specs.AstBuildingTests" runstate="Runnable" seed="1123595569" result="Passed" start-time="2016-06-05 09:27:15Z" end-time="2016-06-05 09:27:15Z" duration="0.003126" asserts="1" />
            <test-case id="1008" name="TestSuccessfulAstBuilding(&quot;/Users/awi/Documents/Privat/Projekte/...&quot;)" fullname="Gherkin.Specs.AstBuildingTests.TestSuccessfulAstBuilding(&quot;/Users/awi/Documents/Privat/Projekte/...&quot;)" methodname="TestSuccessfulAstBuilding" classname="Gherkin.Specs.AstBuildingTests" runstate="Runnable" seed="504401406" result="Passed" start-time="2016-06-05 09:27:15Z" end-time="2016-06-05 09:27:15Z" duration="0.006183" asserts="1" />
            <test-case id="1009" name="TestSuccessfulAstBuilding(&quot;/Users/awi/Documents/Privat/Projekte/...&quot;)" fullname="Gherkin.Specs.AstBuildingTests.TestSuccessfulAstBuilding(&quot;/Users/awi/Documents/Privat/Projekte/...&quot;)" methodname="TestSuccessfulAstBuilding" classname="Gherkin.Specs.AstBuildingTests" runstate="Runnable" seed="2093031977" result="Passed" start-time="2016-06-05 09:27:15Z" end-time="2016-06-05 09:27:15Z" duration="0.006422" asserts="1" />
            <test-case id="1010" name="TestSuccessfulAstBuilding(&quot;/Users/awi/Documents/Privat/Projekte/...&quot;)" fullname="Gherkin.Specs.AstBuildingTests.TestSuccessfulAstBuilding(&quot;/Users/awi/Documents/Privat/Projekte/...&quot;)" methodname="TestSuccessfulAstBuilding" classname="Gherkin.Specs.AstBuildingTests" runstate="Runnable" seed="1815240407" result="Passed" start-time="2016-06-05 09:27:15Z" end-time="2016-06-05 09:27:15Z" duration="0.007613" asserts="1" />
            <test-case id="1011" name="TestSuccessfulAstBuilding(&quot;/Users/awi/Documents/Privat/Projekte/...&quot;)" fullname="Gherkin.Specs.AstBuildingTests.TestSuccessfulAstBuilding(&quot;/Users/awi/Documents/Privat/Projekte/...&quot;)" methodname="TestSuccessfulAstBuilding" classname="Gherkin.Specs.AstBuildingTests" runstate="Runnable" seed="24696509" result="Passed" start-time="2016-06-05 09:27:15Z" end-time="2016-06-05 09:27:15Z" duration="0.004577" asserts="1" />
            <test-case id="1012" name="TestSuccessfulAstBuilding(&quot;/Users/awi/Documents/Privat/Projekte/...&quot;)" fullname="Gherkin.Specs.AstBuildingTests.TestSuccessfulAstBuilding(&quot;/Users/awi/Documents/Privat/Projekte/...&quot;)" methodname="TestSuccessfulAstBuilding" classname="Gherkin.Specs.AstBuildingTests" runstate="Runnable" seed="2001133456" result="Passed" start-time="2016-06-05 09:27:15Z" end-time="2016-06-05 09:27:15Z" duration="0.003347" asserts="1" />
            <test-case id="1013" name="TestSuccessfulAstBuilding(&quot;/Users/awi/Documents/Privat/Projekte/...&quot;)" fullname="Gherkin.Specs.AstBuildingTests.TestSuccessfulAstBuilding(&quot;/Users/awi/Documents/Privat/Projekte/...&quot;)" methodname="TestSuccessfulAstBuilding" classname="Gherkin.Specs.AstBuildingTests" runstate="Runnable" seed="715104748" result="Passed" start-time="2016-06-05 09:27:15Z" end-time="2016-06-05 09:27:15Z" duration="0.003570" asserts="1" />
            <test-case id="1014" name="TestSuccessfulAstBuilding(&quot;/Users/awi/Documents/Privat/Projekte/...&quot;)" fullname="Gherkin.Specs.AstBuildingTests.TestSuccessfulAstBuilding(&quot;/Users/awi/Documents/Privat/Projekte/...&quot;)" methodname="TestSuccessfulAstBuilding" classname="Gherkin.Specs.AstBuildingTests" runstate="Runnable" seed="1085795837" result="Passed" start-time="2016-06-05 09:27:15Z" end-time="2016-06-05 09:27:15Z" duration="0.002996" asserts="1" />
            <test-case id="1015" name="TestSuccessfulAstBuilding(&quot;/Users/awi/Documents/Privat/Projekte/...&quot;)" fullname="Gherkin.Specs.AstBuildingTests.TestSuccessfulAstBuilding(&quot;/Users/awi/Documents/Privat/Projekte/...&quot;)" methodname="TestSuccessfulAstBuilding" classname="Gherkin.Specs.AstBuildingTests" runstate="Runnable" seed="1855652807" result="Passed" start-time="2016-06-05 09:27:15Z" end-time="2016-06-05 09:27:15Z" duration="0.002519" asserts="1" />
            <test-case id="1016" name="TestSuccessfulAstBuilding(&quot;/Users/awi/Documents/Privat/Projekte/...&quot;)" fullname="Gherkin.Specs.AstBuildingTests.TestSuccessfulAstBuilding(&quot;/Users/awi/Documents/Privat/Projekte/...&quot;)" methodname="TestSuccessfulAstBuilding" classname="Gherkin.Specs.AstBuildingTests" runstate="Runnable" seed="627041738" result="Passed" start-time="2016-06-05 09:27:15Z" end-time="2016-06-05 09:27:15Z" duration="0.002372" asserts="1" />
            <test-case id="1017" name="TestSuccessfulAstBuilding(&quot;/Users/awi/Documents/Privat/Projekte/...&quot;)" fullname="Gherkin.Specs.AstBuildingTests.TestSuccessfulAstBuilding(&quot;/Users/awi/Documents/Privat/Projekte/...&quot;)" methodname="TestSuccessfulAstBuilding" classname="Gherkin.Specs.AstBuildingTests" runstate="Runnable" seed="1661680335" result="Passed" start-time="2016-06-05 09:27:15Z" end-time="2016-06-05 09:27:15Z" duration="0.003004" asserts="1" />
            <test-case id="1018" name="TestSuccessfulAstBuilding(&quot;/Users/awi/Documents/Privat/Projekte/...&quot;)" fullname="Gherkin.Specs.AstBuildingTests.TestSuccessfulAstBuilding(&quot;/Users/awi/Documents/Privat/Projekte/...&quot;)" methodname="TestSuccessfulAstBuilding" classname="Gherkin.Specs.AstBuildingTests" runstate="Runnable" seed="32293278" result="Passed" start-time="2016-06-05 09:27:15Z" end-time="2016-06-05 09:27:15Z" duration="0.004743" asserts="1" />
            <test-case id="1019" name="TestSuccessfulAstBuilding(&quot;/Users/awi/Documents/Privat/Projekte/...&quot;)" fullname="Gherkin.Specs.AstBuildingTests.TestSuccessfulAstBuilding(&quot;/Users/awi/Documents/Privat/Projekte/...&quot;)" methodname="TestSuccessfulAstBuilding" classname="Gherkin.Specs.AstBuildingTests" runstate="Runnable" seed="1074968614" result="Passed" start-time="2016-06-05 09:27:15Z" end-time="2016-06-05 09:27:15Z" duration="0.005000" asserts="1" />
            <test-case id="1020" name="TestSuccessfulAstBuilding(&quot;/Users/awi/Documents/Privat/Projekte/...&quot;)" fullname="Gherkin.Specs.AstBuildingTests.TestSuccessfulAstBuilding(&quot;/Users/awi/Documents/Privat/Projekte/...&quot;)" methodname="TestSuccessfulAstBuilding" classname="Gherkin.Specs.AstBuildingTests" runstate="Runnable" seed="894977125" result="Passed" start-time="2016-06-05 09:27:15Z" end-time="2016-06-05 09:27:15Z" duration="0.003020" asserts="1" />
            <test-case id="1021" name="TestSuccessfulAstBuilding(&quot;/Users/awi/Documents/Privat/Projekte/...&quot;)" fullname="Gherkin.Specs.AstBuildingTests.TestSuccessfulAstBuilding(&quot;/Users/awi/Documents/Privat/Projekte/...&quot;)" methodname="TestSuccessfulAstBuilding" classname="Gherkin.Specs.AstBuildingTests" runstate="Runnable" seed="1055920534" result="Passed" start-time="2016-06-05 09:27:15Z" end-time="2016-06-05 09:27:15Z" duration="0.003461" asserts="1" />
            <test-case id="1022" name="TestSuccessfulAstBuilding(&quot;/Users/awi/Documents/Privat/Projekte/...&quot;)" fullname="Gherkin.Specs.AstBuildingTests.TestSuccessfulAstBuilding(&quot;/Users/awi/Documents/Privat/Projekte/...&quot;)" methodname="TestSuccessfulAstBuilding" classname="Gherkin.Specs.AstBuildingTests" runstate="Runnable" seed="498549018" result="Passed" start-time="2016-06-05 09:27:15Z" end-time="2016-06-05 09:27:15Z" duration="0.003484" asserts="1" />
            <test-case id="1023" name="TestSuccessfulAstBuilding(&quot;/Users/awi/Documents/Privat/Projekte/...&quot;)" fullname="Gherkin.Specs.AstBuildingTests.TestSuccessfulAstBuilding(&quot;/Users/awi/Documents/Privat/Projekte/...&quot;)" methodname="TestSuccessfulAstBuilding" classname="Gherkin.Specs.AstBuildingTests" runstate="Runnable" seed="1517429725" result="Passed" start-time="2016-06-05 09:27:15Z" end-time="2016-06-05 09:27:15Z" duration="0.009135" asserts="1" />
            <test-case id="1024" name="TestSuccessfulAstBuilding(&quot;/Users/awi/Documents/Privat/Projekte/...&quot;)" fullname="Gherkin.Specs.AstBuildingTests.TestSuccessfulAstBuilding(&quot;/Users/awi/Documents/Privat/Projekte/...&quot;)" methodname="TestSuccessfulAstBuilding" classname="Gherkin.Specs.AstBuildingTests" runstate="Runnable" seed="710661054" result="Passed" start-time="2016-06-05 09:27:15Z" end-time="2016-06-05 09:27:15Z" duration="0.003905" asserts="1" />
            <test-case id="1025" name="TestSuccessfulAstBuilding(&quot;/Users/awi/Documents/Privat/Projekte/...&quot;)" fullname="Gherkin.Specs.AstBuildingTests.TestSuccessfulAstBuilding(&quot;/Users/awi/Documents/Privat/Projekte/...&quot;)" methodname="TestSuccessfulAstBuilding" classname="Gherkin.Specs.AstBuildingTests" runstate="Runnable" seed="632484710" result="Passed" start-time="2016-06-05 09:27:15Z" end-time="2016-06-05 09:27:15Z" duration="0.004843" asserts="1" />
            <test-case id="1026" name="TestSuccessfulAstBuilding(&quot;/Users/awi/Documents/Privat/Projekte/...&quot;)" fullname="Gherkin.Specs.AstBuildingTests.TestSuccessfulAstBuilding(&quot;/Users/awi/Documents/Privat/Projekte/...&quot;)" methodname="TestSuccessfulAstBuilding" classname="Gherkin.Specs.AstBuildingTests" runstate="Runnable" seed="818964453" result="Passed" start-time="2016-06-05 09:27:15Z" end-time="2016-06-05 09:27:15Z" duration="0.004871" asserts="1" />
          </test-suite>
        </test-suite>
        <test-suite type="TestFixture" id="1028" name="GherkinDialectTests" fullname="Gherkin.Specs.GherkinDialectTests" classname="Gherkin.Specs.GherkinDialectTests" runstate="Runnable" testcasecount="3" result="Passed" start-time="2016-06-05 09:27:15Z" end-time="2016-06-05 09:27:15Z" duration="0.012491" total="3" passed="3" failed="0" inconclusive="0" skipped="0" asserts="3">
          <test-case id="1030" name="ShouldThrowNoSuchLanguageExceptionForInvalidDefaultLanguage" fullname="Gherkin.Specs.GherkinDialectTests.ShouldThrowNoSuchLanguageExceptionForInvalidDefaultLanguage" methodname="ShouldThrowNoSuchLanguageExceptionForInvalidDefaultLanguage" classname="Gherkin.Specs.GherkinDialectTests" runstate="Runnable" seed="1583111997" result="Passed" start-time="2016-06-05 09:27:15Z" end-time="2016-06-05 09:27:15Z" duration="0.007704" asserts="1" />
          <test-case id="1029" name="ShouldThrowNoSuchLanguageExceptionForInvalidLanguage" fullname="Gherkin.Specs.GherkinDialectTests.ShouldThrowNoSuchLanguageExceptionForInvalidLanguage" methodname="ShouldThrowNoSuchLanguageExceptionForInvalidLanguage" classname="Gherkin.Specs.GherkinDialectTests" runstate="Runnable" seed="1196887609" result="Passed" start-time="2016-06-05 09:27:15Z" end-time="2016-06-05 09:27:15Z" duration="0.002260" asserts="1" />
          <test-case id="1031" name="ShouldThrowNoSuchLanguageExceptionForInvalidLanguageWithoutLocation" fullname="Gherkin.Specs.GherkinDialectTests.ShouldThrowNoSuchLanguageExceptionForInvalidLanguageWithoutLocation" methodname="ShouldThrowNoSuchLanguageExceptionForInvalidLanguageWithoutLocation" classname="Gherkin.Specs.GherkinDialectTests" runstate="Runnable" seed="304199382" result="Passed" start-time="2016-06-05 09:27:15Z" end-time="2016-06-05 09:27:15Z" duration="0.002031" asserts="1" />
        </test-suite>
        <test-suite type="TestFixture" id="1032" name="ParserErrorsTest" fullname="Gherkin.Specs.ParserErrorsTest" classname="Gherkin.Specs.ParserErrorsTest" runstate="Runnable" testcasecount="7" result="Passed" start-time="2016-06-05 09:27:15Z" end-time="2016-06-05 09:27:15Z" duration="0.029105" total="7" passed="7" failed="0" inconclusive="0" skipped="0" asserts="7">
          <test-case id="1040" name="TestFeatureAfterParseError" fullname="Gherkin.Specs.ParserErrorsTest.TestFeatureAfterParseError" methodname="TestFeatureAfterParseError" classname="Gherkin.Specs.ParserErrorsTest" runstate="Runnable" seed="692184546" result="Passed" start-time="2016-06-05 09:27:15Z" end-time="2016-06-05 09:27:15Z" duration="0.012318" asserts="1" />
          <test-suite type="ParameterizedMethod" id="1039" name="TestParserErrors" fullname="Gherkin.Specs.ParserErrorsTest.TestParserErrors" runstate="Runnable" testcasecount="6" result="Passed" start-time="2016-06-05 09:27:15Z" end-time="2016-06-05 09:27:15Z" duration="0.016491" total="6" passed="6" failed="0" inconclusive="0" skipped="0" asserts="6">
            <test-case id="1033" name="TestParserErrors(&quot;/Users/awi/Documents/Privat/Projekte/...&quot;)" fullname="Gherkin.Specs.ParserErrorsTest.TestParserErrors(&quot;/Users/awi/Documents/Privat/Projekte/...&quot;)" methodname="TestParserErrors" classname="Gherkin.Specs.ParserErrorsTest" runstate="Runnable" seed="1899952087" result="Passed" start-time="2016-06-05 09:27:15Z" end-time="2016-06-05 09:27:15Z" duration="0.002790" asserts="1" />
            <test-case id="1034" name="TestParserErrors(&quot;/Users/awi/Documents/Privat/Projekte/...&quot;)" fullname="Gherkin.Specs.ParserErrorsTest.TestParserErrors(&quot;/Users/awi/Documents/Privat/Projekte/...&quot;)" methodname="TestParserErrors" classname="Gherkin.Specs.ParserErrorsTest" runstate="Runnable" seed="1588945463" result="Passed" start-time="2016-06-05 09:27:15Z" end-time="2016-06-05 09:27:15Z" duration="0.003630" asserts="1" />
            <test-case id="1035" name="TestParserErrors(&quot;/Users/awi/Documents/Privat/Projekte/...&quot;)" fullname="Gherkin.Specs.ParserErrorsTest.TestParserErrors(&quot;/Users/awi/Documents/Privat/Projekte/...&quot;)" methodname="TestParserErrors" classname="Gherkin.Specs.ParserErrorsTest" runstate="Runnable" seed="1870894138" result="Passed" start-time="2016-06-05 09:27:15Z" end-time="2016-06-05 09:27:15Z" duration="0.002521" asserts="1" />
            <test-case id="1036" name="TestParserErrors(&quot;/Users/awi/Documents/Privat/Projekte/...&quot;)" fullname="Gherkin.Specs.ParserErrorsTest.TestParserErrors(&quot;/Users/awi/Documents/Privat/Projekte/...&quot;)" methodname="TestParserErrors" classname="Gherkin.Specs.ParserErrorsTest" runstate="Runnable" seed="60936435" result="Passed" start-time="2016-06-05 09:27:15Z" end-time="2016-06-05 09:27:15Z" duration="0.002446" asserts="1" />
            <test-case id="1037" name="TestParserErrors(&quot;/Users/awi/Documents/Privat/Projekte/...&quot;)" fullname="Gherkin.Specs.ParserErrorsTest.TestParserErrors(&quot;/Users/awi/Documents/Privat/Projekte/...&quot;)" methodname="TestParserErrors" classname="Gherkin.Specs.ParserErrorsTest" runstate="Runnable" seed="171025537" result="Passed" start-time="2016-06-05 09:27:15Z" end-time="2016-06-05 09:27:15Z" duration="0.002321" asserts="1" />
            <test-case id="1038" name="TestParserErrors(&quot;/Users/awi/Documents/Privat/Projekte/...&quot;)" fullname="Gherkin.Specs.ParserErrorsTest.TestParserErrors(&quot;/Users/awi/Documents/Privat/Projekte/...&quot;)" methodname="TestParserErrors" classname="Gherkin.Specs.ParserErrorsTest" runstate="Runnable" seed="121652904" result="Passed" start-time="2016-06-05 09:27:15Z" end-time="2016-06-05 09:27:15Z" duration="0.002188" asserts="1" />
          </test-suite>
        </test-suite>
        <test-suite type="TestFixture" id="1041" name="StringUtilseTests" fullname="Gherkin.Specs.StringUtilseTests" classname="Gherkin.Specs.StringUtilseTests" runstate="Runnable" testcasecount="2" result="Passed" start-time="2016-06-05 09:27:15Z" end-time="2016-06-05 09:27:15Z" duration="0.001862" total="2" passed="2" failed="0" inconclusive="0" skipped="0" asserts="3">
          <test-case id="1043" name="StartsWithTitleLineWorks" fullname="Gherkin.Specs.StringUtilseTests.StartsWithTitleLineWorks" methodname="StartsWithTitleLineWorks" classname="Gherkin.Specs.StringUtilseTests" runstate="Runnable" seed="953557922" result="Passed" start-time="2016-06-05 09:27:15Z" end-time="2016-06-05 09:27:15Z" duration="0.000944" asserts="1" />
          <test-case id="1042" name="StartsWithWorks" fullname="Gherkin.Specs.StringUtilseTests.StartsWithWorks" methodname="StartsWithWorks" classname="Gherkin.Specs.StringUtilseTests" runstate="Runnable" seed="674926834" result="Passed" start-time="2016-06-05 09:27:15Z" end-time="2016-06-05 09:27:15Z" duration="0.000634" asserts="2" />
        </test-suite>
        <test-suite type="TestFixture" id="1044" name="SuccessfulParsingTests" fullname="Gherkin.Specs.SuccessfulParsingTests" classname="Gherkin.Specs.SuccessfulParsingTests" runstate="Runnable" testcasecount="28" result="Passed" start-time="2016-06-05 09:27:15Z" end-time="2016-06-05 09:27:15Z" duration="0.068859" total="28" passed="28" failed="0" inconclusive="0" skipped="0" asserts="29">
          <test-case id="1073" name="TestChangeDefaultLanguage" fullname="Gherkin.Specs.SuccessfulParsingTests.TestChangeDefaultLanguage" methodname="TestChangeDefaultLanguage" classname="Gherkin.Specs.SuccessfulParsingTests" runstate="Runnable" seed="323558644" result="Passed" start-time="2016-06-05 09:27:15Z" end-time="2016-06-05 09:27:15Z" duration="0.001867" asserts="1" />
          <test-case id="1072" name="TestMultipleFeatures" fullname="Gherkin.Specs.SuccessfulParsingTests.TestMultipleFeatures" methodname="TestMultipleFeatures" classname="Gherkin.Specs.SuccessfulParsingTests" runstate="Runnable" seed="2047069203" result="Passed" start-time="2016-06-05 09:27:15Z" end-time="2016-06-05 09:27:15Z" duration="0.002033" asserts="2" />
          <test-suite type="ParameterizedMethod" id="1071" name="TestSuccessfulParsing" fullname="Gherkin.Specs.SuccessfulParsingTests.TestSuccessfulParsing" runstate="Runnable" testcasecount="26" result="Passed" start-time="2016-06-05 09:27:15Z" end-time="2016-06-05 09:27:15Z" duration="0.064654" total="26" passed="26" failed="0" inconclusive="0" skipped="0" asserts="26">
            <test-case id="1045" name="TestSuccessfulParsing(&quot;/Users/awi/Documents/Privat/Projekte/...&quot;)" fullname="Gherkin.Specs.SuccessfulParsingTests.TestSuccessfulParsing(&quot;/Users/awi/Documents/Privat/Projekte/...&quot;)" methodname="TestSuccessfulParsing" classname="Gherkin.Specs.SuccessfulParsingTests" runstate="Runnable" seed="546864238" result="Passed" start-time="2016-06-05 09:27:15Z" end-time="2016-06-05 09:27:15Z" duration="0.004020" asserts="1" />
            <test-case id="1046" name="TestSuccessfulParsing(&quot;/Users/awi/Documents/Privat/Projekte/...&quot;)" fullname="Gherkin.Specs.SuccessfulParsingTests.TestSuccessfulParsing(&quot;/Users/awi/Documents/Privat/Projekte/...&quot;)" methodname="TestSuccessfulParsing" classname="Gherkin.Specs.SuccessfulParsingTests" runstate="Runnable" seed="1886883401" result="Passed" start-time="2016-06-05 09:27:15Z" end-time="2016-06-05 09:27:15Z" duration="0.001829" asserts="1" />
            <test-case id="1047" name="TestSuccessfulParsing(&quot;/Users/awi/Documents/Privat/Projekte/...&quot;)" fullname="Gherkin.Specs.SuccessfulParsingTests.TestSuccessfulParsing(&quot;/Users/awi/Documents/Privat/Projekte/...&quot;)" methodname="TestSuccessfulParsing" classname="Gherkin.Specs.SuccessfulParsingTests" runstate="Runnable" seed="274947646" result="Passed" start-time="2016-06-05 09:27:15Z" end-time="2016-06-05 09:27:15Z" duration="0.002014" asserts="1" />
            <test-case id="1048" name="TestSuccessfulParsing(&quot;/Users/awi/Documents/Privat/Projekte/...&quot;)" fullname="Gherkin.Specs.SuccessfulParsingTests.TestSuccessfulParsing(&quot;/Users/awi/Documents/Privat/Projekte/...&quot;)" methodname="TestSuccessfulParsing" classname="Gherkin.Specs.SuccessfulParsingTests" runstate="Runnable" seed="844133028" result="Passed" start-time="2016-06-05 09:27:15Z" end-time="2016-06-05 09:27:15Z" duration="0.001937" asserts="1" />
            <test-case id="1049" name="TestSuccessfulParsing(&quot;/Users/awi/Documents/Privat/Projekte/...&quot;)" fullname="Gherkin.Specs.SuccessfulParsingTests.TestSuccessfulParsing(&quot;/Users/awi/Documents/Privat/Projekte/...&quot;)" methodname="TestSuccessfulParsing" classname="Gherkin.Specs.SuccessfulParsingTests" runstate="Runnable" seed="402006137" result="Passed" start-time="2016-06-05 09:27:15Z" end-time="2016-06-05 09:27:15Z" duration="0.001584" asserts="1" />
            <test-case id="1050" name="TestSuccessfulParsing(&quot;/Users/awi/Documents/Privat/Projekte/...&quot;)" fullname="Gherkin.Specs.SuccessfulParsingTests.TestSuccessfulParsing(&quot;/Users/awi/Documents/Privat/Projekte/...&quot;)" methodname="TestSuccessfulParsing" classname="Gherkin.Specs.SuccessfulParsingTests" runstate="Runnable" seed="1101270504" result="Passed" start-time="2016-06-05 09:27:15Z" end-time="2016-06-05 09:27:15Z" duration="0.001670" asserts="1" />
            <test-case id="1051" name="TestSuccessfulParsing(&quot;/Users/awi/Documents/Privat/Projekte/...&quot;)" fullname="Gherkin.Specs.SuccessfulParsingTests.TestSuccessfulParsing(&quot;/Users/awi/Documents/Privat/Projekte/...&quot;)" methodname="TestSuccessfulParsing" classname="Gherkin.Specs.SuccessfulParsingTests" runstate="Runnable" seed="681329672" result="Passed" start-time="2016-06-05 09:27:15Z" end-time="2016-06-05 09:27:15Z" duration="0.001669" asserts="1" />
            <test-case id="1052" name="TestSuccessfulParsing(&quot;/Users/awi/Documents/Privat/Projekte/...&quot;)" fullname="Gherkin.Specs.SuccessfulParsingTests.TestSuccessfulParsing(&quot;/Users/awi/Documents/Privat/Projekte/...&quot;)" methodname="TestSuccessfulParsing" classname="Gherkin.Specs.SuccessfulParsingTests" runstate="Runnable" seed="1211194962" result="Passed" start-time="2016-06-05 09:27:15Z" end-time="2016-06-05 09:27:15Z" duration="0.001739" asserts="1" />
            <test-case id="1053" name="TestSuccessfulParsing(&quot;/Users/awi/Documents/Privat/Projekte/...&quot;)" fullname="Gherkin.Specs.SuccessfulParsingTests.TestSuccessfulParsing(&quot;/Users/awi/Documents/Privat/Projekte/...&quot;)" methodname="TestSuccessfulParsing" classname="Gherkin.Specs.SuccessfulParsingTests" runstate="Runnable" seed="387083820" result="Passed" start-time="2016-06-05 09:27:15Z" end-time="2016-06-05 09:27:15Z" duration="0.003095" asserts="1" />
            <test-case id="1054" name="TestSuccessfulParsing(&quot;/Users/awi/Documents/Privat/Projekte/...&quot;)" fullname="Gherkin.Specs.SuccessfulParsingTests.TestSuccessfulParsing(&quot;/Users/awi/Documents/Privat/Projekte/...&quot;)" methodname="TestSuccessfulParsing" classname="Gherkin.Specs.SuccessfulParsingTests" runstate="Runnable" seed="501873498" result="Passed" start-time="2016-06-05 09:27:15Z" end-time="2016-06-05 09:27:15Z" duration="0.003735" asserts="1" />
            <test-case id="1055" name="TestSuccessfulParsing(&quot;/Users/awi/Documents/Privat/Projekte/...&quot;)" fullname="Gherkin.Specs.SuccessfulParsingTests.TestSuccessfulParsing(&quot;/Users/awi/Documents/Privat/Projekte/...&quot;)" methodname="TestSuccessfulParsing" classname="Gherkin.Specs.SuccessfulParsingTests" runstate="Runnable" seed="2101951502" result="Passed" start-time="2016-06-05 09:27:15Z" end-time="2016-06-05 09:27:15Z" duration="0.003603" asserts="1" />
            <test-case id="1056" name="TestSuccessfulParsing(&quot;/Users/awi/Documents/Privat/Projekte/...&quot;)" fullname="Gherkin.Specs.SuccessfulParsingTests.TestSuccessfulParsing(&quot;/Users/awi/Documents/Privat/Projekte/...&quot;)" methodname="TestSuccessfulParsing" classname="Gherkin.Specs.SuccessfulParsingTests" runstate="Runnable" seed="750860628" result="Passed" start-time="2016-06-05 09:27:15Z" end-time="2016-06-05 09:27:15Z" duration="0.001650" asserts="1" />
            <test-case id="1057" name="TestSuccessfulParsing(&quot;/Users/awi/Documents/Privat/Projekte/...&quot;)" fullname="Gherkin.Specs.SuccessfulParsingTests.TestSuccessfulParsing(&quot;/Users/awi/Documents/Privat/Projekte/...&quot;)" methodname="TestSuccessfulParsing" classname="Gherkin.Specs.SuccessfulParsingTests" runstate="Runnable" seed="1659938103" result="Passed" start-time="2016-06-05 09:27:15Z" end-time="2016-06-05 09:27:15Z" duration="0.001721" asserts="1" />
            <test-case id="1058" name="TestSuccessfulParsing(&quot;/Users/awi/Documents/Privat/Projekte/...&quot;)" fullname="Gherkin.Specs.SuccessfulParsingTests.TestSuccessfulParsing(&quot;/Users/awi/Documents/Privat/Projekte/...&quot;)" methodname="TestSuccessfulParsing" classname="Gherkin.Specs.SuccessfulParsingTests" runstate="Runnable" seed="2128573593" result="Passed" start-time="2016-06-05 09:27:15Z" end-time="2016-06-05 09:27:15Z" duration="0.002229" asserts="1" />
            <test-case id="1059" name="TestSuccessfulParsing(&quot;/Users/awi/Documents/Privat/Projekte/...&quot;)" fullname="Gherkin.Specs.SuccessfulParsingTests.TestSuccessfulParsing(&quot;/Users/awi/Documents/Privat/Projekte/...&quot;)" methodname="TestSuccessfulParsing" classname="Gherkin.Specs.SuccessfulParsingTests" runstate="Runnable" seed="615782565" result="Passed" start-time="2016-06-05 09:27:15Z" end-time="2016-06-05 09:27:15Z" duration="0.002369" asserts="1" />
            <test-case id="1060" name="TestSuccessfulParsing(&quot;/Users/awi/Documents/Privat/Projekte/...&quot;)" fullname="Gherkin.Specs.SuccessfulParsingTests.TestSuccessfulParsing(&quot;/Users/awi/Documents/Privat/Projekte/...&quot;)" methodname="TestSuccessfulParsing" classname="Gherkin.Specs.SuccessfulParsingTests" runstate="Runnable" seed="1453219761" result="Passed" start-time="2016-06-05 09:27:15Z" end-time="2016-06-05 09:27:15Z" duration="0.002194" asserts="1" />
            <test-case id="1061" name="TestSuccessfulParsing(&quot;/Users/awi/Documents/Privat/Projekte/...&quot;)" fullname="Gherkin.Specs.SuccessfulParsingTests.TestSuccessfulParsing(&quot;/Users/awi/Documents/Privat/Projekte/...&quot;)" methodname="TestSuccessfulParsing" classname="Gherkin.Specs.SuccessfulParsingTests" runstate="Runnable" seed="817223769" result="Passed" start-time="2016-06-05 09:27:15Z" end-time="2016-06-05 09:27:15Z" duration="0.002230" asserts="1" />
            <test-case id="1062" name="TestSuccessfulParsing(&quot;/Users/awi/Documents/Privat/Projekte/...&quot;)" fullname="Gherkin.Specs.SuccessfulParsingTests.TestSuccessfulParsing(&quot;/Users/awi/Documents/Privat/Projekte/...&quot;)" methodname="TestSuccessfulParsing" classname="Gherkin.Specs.SuccessfulParsingTests" runstate="Runnable" seed="317855070" result="Passed" start-time="2016-06-05 09:27:15Z" end-time="2016-06-05 09:27:15Z" duration="0.002328" asserts="1" />
            <test-case id="1063" name="TestSuccessfulParsing(&quot;/Users/awi/Documents/Privat/Projekte/...&quot;)" fullname="Gherkin.Specs.SuccessfulParsingTests.TestSuccessfulParsing(&quot;/Users/awi/Documents/Privat/Projekte/...&quot;)" methodname="TestSuccessfulParsing" classname="Gherkin.Specs.SuccessfulParsingTests" runstate="Runnable" seed="2061117007" result="Passed" start-time="2016-06-05 09:27:15Z" end-time="2016-06-05 09:27:15Z" duration="0.004016" asserts="1" />
            <test-case id="1064" name="TestSuccessfulParsing(&quot;/Users/awi/Documents/Privat/Projekte/...&quot;)" fullname="Gherkin.Specs.SuccessfulParsingTests.TestSuccessfulParsing(&quot;/Users/awi/Documents/Privat/Projekte/...&quot;)" methodname="TestSuccessfulParsing" classname="Gherkin.Specs.SuccessfulParsingTests" runstate="Runnable" seed="320977986" result="Passed" start-time="2016-06-05 09:27:15Z" end-time="2016-06-05 09:27:15Z" duration="0.002178" asserts="1" />
            <test-case id="1065" name="TestSuccessfulParsing(&quot;/Users/awi/Documents/Privat/Projekte/...&quot;)" fullname="Gherkin.Specs.SuccessfulParsingTests.TestSuccessfulParsing(&quot;/Users/awi/Documents/Privat/Projekte/...&quot;)" methodname="TestSuccessfulParsing" classname="Gherkin.Specs.SuccessfulParsingTests" runstate="Runnable" seed="971517444" result="Passed" start-time="2016-06-05 09:27:15Z" end-time="2016-06-05 09:27:15Z" duration="0.002102" asserts="1" />
            <test-case id="1066" name="TestSuccessfulParsing(&quot;/Users/awi/Documents/Privat/Projekte/...&quot;)" fullname="Gherkin.Specs.SuccessfulParsingTests.TestSuccessfulParsing(&quot;/Users/awi/Documents/Privat/Projekte/...&quot;)" methodname="TestSuccessfulParsing" classname="Gherkin.Specs.SuccessfulParsingTests" runstate="Runnable" seed="711469512" result="Passed" start-time="2016-06-05 09:27:15Z" end-time="2016-06-05 09:27:15Z" duration="0.002065" asserts="1" />
            <test-case id="1067" name="TestSuccessfulParsing(&quot;/Users/awi/Documents/Privat/Projekte/...&quot;)" fullname="Gherkin.Specs.SuccessfulParsingTests.TestSuccessfulParsing(&quot;/Users/awi/Documents/Privat/Projekte/...&quot;)" methodname="TestSuccessfulParsing" classname="Gherkin.Specs.SuccessfulParsingTests" runstate="Runnable" seed="1991889720" result="Passed" start-time="2016-06-05 09:27:15Z" end-time="2016-06-05 09:27:15Z" duration="0.002236" asserts="1" />
            <test-case id="1068" name="TestSuccessfulParsing(&quot;/Users/awi/Documents/Privat/Projekte/...&quot;)" fullname="Gherkin.Specs.SuccessfulParsingTests.TestSuccessfulParsing(&quot;/Users/awi/Documents/Privat/Projekte/...&quot;)" methodname="TestSuccessfulParsing" classname="Gherkin.Specs.SuccessfulParsingTests" runstate="Runnable" seed="840852491" result="Passed" start-time="2016-06-05 09:27:15Z" end-time="2016-06-05 09:27:15Z" duration="0.002120" asserts="1" />
            <test-case id="1069" name="TestSuccessfulParsing(&quot;/Users/awi/Documents/Privat/Projekte/...&quot;)" fullname="Gherkin.Specs.SuccessfulParsingTests.TestSuccessfulParsing(&quot;/Users/awi/Documents/Privat/Projekte/...&quot;)" methodname="TestSuccessfulParsing" classname="Gherkin.Specs.SuccessfulParsingTests" runstate="Runnable" seed="742172389" result="Passed" start-time="2016-06-05 09:27:15Z" end-time="2016-06-05 09:27:15Z" duration="0.003643" asserts="1" />
            <test-case id="1070" name="TestSuccessfulParsing(&quot;/Users/awi/Documents/Privat/Projekte/...&quot;)" fullname="Gherkin.Specs.SuccessfulParsingTests.TestSuccessfulParsing(&quot;/Users/awi/Documents/Privat/Projekte/...&quot;)" methodname="TestSuccessfulParsing" classname="Gherkin.Specs.SuccessfulParsingTests" runstate="Runnable" seed="592746964" result="Passed" start-time="2016-06-05 09:27:15Z" end-time="2016-06-05 09:27:15Z" duration="0.002172" asserts="1" />
          </test-suite>
        </test-suite>
        <test-suite type="TestFixture" id="1074" name="TokenizationTests" fullname="Gherkin.Specs.TokenizationTests" classname="Gherkin.Specs.TokenizationTests" runstate="Runnable" testcasecount="26" result="Passed" start-time="2016-06-05 09:27:15Z" end-time="2016-06-05 09:27:15Z" duration="0.078569" total="26" passed="26" failed="0" inconclusive="0" skipped="0" asserts="26">
          <test-suite type="ParameterizedMethod" id="1101" name="TestSuccessfulTokenMatching" fullname="Gherkin.Specs.TokenizationTests.TestSuccessfulTokenMatching" runstate="Runnable" testcasecount="26" result="Passed" start-time="2016-06-05 09:27:15Z" end-time="2016-06-05 09:27:15Z" duration="0.078306" total="26" passed="26" failed="0" inconclusive="0" skipped="0" asserts="26">
            <test-case id="1075" name="TestSuccessfulTokenMatching(&quot;/Users/awi/Documents/Privat/Projekte/...&quot;)" fullname="Gherkin.Specs.TokenizationTests.TestSuccessfulTokenMatching(&quot;/Users/awi/Documents/Privat/Projekte/...&quot;)" methodname="TestSuccessfulTokenMatching" classname="Gherkin.Specs.TokenizationTests" runstate="Runnable" seed="280022202" result="Passed" start-time="2016-06-05 09:27:15Z" end-time="2016-06-05 09:27:15Z" duration="0.006457" asserts="1" />
            <test-case id="1076" name="TestSuccessfulTokenMatching(&quot;/Users/awi/Documents/Privat/Projekte/...&quot;)" fullname="Gherkin.Specs.TokenizationTests.TestSuccessfulTokenMatching(&quot;/Users/awi/Documents/Privat/Projekte/...&quot;)" methodname="TestSuccessfulTokenMatching" classname="Gherkin.Specs.TokenizationTests" runstate="Runnable" seed="2081714258" result="Passed" start-time="2016-06-05 09:27:15Z" end-time="2016-06-05 09:27:15Z" duration="0.003414" asserts="1" />
            <test-case id="1077" name="TestSuccessfulTokenMatching(&quot;/Users/awi/Documents/Privat/Projekte/...&quot;)" fullname="Gherkin.Specs.TokenizationTests.TestSuccessfulTokenMatching(&quot;/Users/awi/Documents/Privat/Projekte/...&quot;)" methodname="TestSuccessfulTokenMatching" classname="Gherkin.Specs.TokenizationTests" runstate="Runnable" seed="115075599" result="Passed" start-time="2016-06-05 09:27:15Z" end-time="2016-06-05 09:27:15Z" duration="0.002784" asserts="1" />
            <test-case id="1078" name="TestSuccessfulTokenMatching(&quot;/Users/awi/Documents/Privat/Projekte/...&quot;)" fullname="Gherkin.Specs.TokenizationTests.TestSuccessfulTokenMatching(&quot;/Users/awi/Documents/Privat/Projekte/...&quot;)" methodname="TestSuccessfulTokenMatching" classname="Gherkin.Specs.TokenizationTests" runstate="Runnable" seed="1182436575" result="Passed" start-time="2016-06-05 09:27:15Z" end-time="2016-06-05 09:27:15Z" duration="0.003008" asserts="1" />
            <test-case id="1079" name="TestSuccessfulTokenMatching(&quot;/Users/awi/Documents/Privat/Projekte/...&quot;)" fullname="Gherkin.Specs.TokenizationTests.TestSuccessfulTokenMatching(&quot;/Users/awi/Documents/Privat/Projekte/...&quot;)" methodname="TestSuccessfulTokenMatching" classname="Gherkin.Specs.TokenizationTests" runstate="Runnable" seed="690407491" result="Passed" start-time="2016-06-05 09:27:15Z" end-time="2016-06-05 09:27:15Z" duration="0.001968" asserts="1" />
            <test-case id="1080" name="TestSuccessfulTokenMatching(&quot;/Users/awi/Documents/Privat/Projekte/...&quot;)" fullname="Gherkin.Specs.TokenizationTests.TestSuccessfulTokenMatching(&quot;/Users/awi/Documents/Privat/Projekte/...&quot;)" methodname="TestSuccessfulTokenMatching" classname="Gherkin.Specs.TokenizationTests" runstate="Runnable" seed="1163718994" result="Passed" start-time="2016-06-05 09:27:15Z" end-time="2016-06-05 09:27:15Z" duration="0.002553" asserts="1" />
            <test-case id="1081" name="TestSuccessfulTokenMatching(&quot;/Users/awi/Documents/Privat/Projekte/...&quot;)" fullname="Gherkin.Specs.TokenizationTests.TestSuccessfulTokenMatching(&quot;/Users/awi/Documents/Privat/Projekte/...&quot;)" methodname="TestSuccessfulTokenMatching" classname="Gherkin.Specs.TokenizationTests" runstate="Runnable" seed="809833605" result="Passed" start-time="2016-06-05 09:27:15Z" end-time="2016-06-05 09:27:15Z" duration="0.002280" asserts="1" />
            <test-case id="1082" name="TestSuccessfulTokenMatching(&quot;/Users/awi/Documents/Privat/Projekte/...&quot;)" fullname="Gherkin.Specs.TokenizationTests.TestSuccessfulTokenMatching(&quot;/Users/awi/Documents/Privat/Projekte/...&quot;)" methodname="TestSuccessfulTokenMatching" classname="Gherkin.Specs.TokenizationTests" runstate="Runnable" seed="1990899914" result="Passed" start-time="2016-06-05 09:27:15Z" end-time="2016-06-05 09:27:15Z" duration="0.002368" asserts="1" />
            <test-case id="1083" name="TestSuccessfulTokenMatching(&quot;/Users/awi/Documents/Privat/Projekte/...&quot;)" fullname="Gherkin.Specs.TokenizationTests.TestSuccessfulTokenMatching(&quot;/Users/awi/Documents/Privat/Projekte/...&quot;)" methodname="TestSuccessfulTokenMatching" classname="Gherkin.Specs.TokenizationTests" runstate="Runnable" seed="339644430" result="Passed" start-time="2016-06-05 09:27:15Z" end-time="2016-06-05 09:27:15Z" duration="0.003737" asserts="1" />
            <test-case id="1084" name="TestSuccessfulTokenMatching(&quot;/Users/awi/Documents/Privat/Projekte/...&quot;)" fullname="Gherkin.Specs.TokenizationTests.TestSuccessfulTokenMatching(&quot;/Users/awi/Documents/Privat/Projekte/...&quot;)" methodname="TestSuccessfulTokenMatching" classname="Gherkin.Specs.TokenizationTests" runstate="Runnable" seed="1415649805" result="Passed" start-time="2016-06-05 09:27:15Z" end-time="2016-06-05 09:27:15Z" duration="0.004511" asserts="1" />
            <test-case id="1085" name="TestSuccessfulTokenMatching(&quot;/Users/awi/Documents/Privat/Projekte/...&quot;)" fullname="Gherkin.Specs.TokenizationTests.TestSuccessfulTokenMatching(&quot;/Users/awi/Documents/Privat/Projekte/...&quot;)" methodname="TestSuccessfulTokenMatching" classname="Gherkin.Specs.TokenizationTests" runstate="Runnable" seed="338911184" result="Passed" start-time="2016-06-05 09:27:15Z" end-time="2016-06-05 09:27:15Z" duration="0.003842" asserts="1" />
            <test-case id="1086" name="TestSuccessfulTokenMatching(&quot;/Users/awi/Documents/Privat/Projekte/...&quot;)" fullname="Gherkin.Specs.TokenizationTests.TestSuccessfulTokenMatching(&quot;/Users/awi/Documents/Privat/Projekte/...&quot;)" methodname="TestSuccessfulTokenMatching" classname="Gherkin.Specs.TokenizationTests" runstate="Runnable" seed="1392718677" result="Passed" start-time="2016-06-05 09:27:15Z" end-time="2016-06-05 09:27:15Z" duration="0.002048" asserts="1" />
            <test-case id="1087" name="TestSuccessfulTokenMatching(&quot;/Users/awi/Documents/Privat/Projekte/...&quot;)" fullname="Gherkin.Specs.TokenizationTests.TestSuccessfulTokenMatching(&quot;/Users/awi/Documents/Privat/Projekte/...&quot;)" methodname="TestSuccessfulTokenMatching" classname="Gherkin.Specs.TokenizationTests" runstate="Runnable" seed="354960969" result="Passed" start-time="2016-06-05 09:27:15Z" end-time="2016-06-05 09:27:15Z" duration="0.001881" asserts="1" />
            <test-case id="1088" name="TestSuccessfulTokenMatching(&quot;/Users/awi/Documents/Privat/Projekte/...&quot;)" fullname="Gherkin.Specs.TokenizationTests.TestSuccessfulTokenMatching(&quot;/Users/awi/Documents/Privat/Projekte/...&quot;)" methodname="TestSuccessfulTokenMatching" classname="Gherkin.Specs.TokenizationTests" runstate="Runnable" seed="1189082908" result="Passed" start-time="2016-06-05 09:27:15Z" end-time="2016-06-05 09:27:15Z" duration="0.005041" asserts="1" />
            <test-case id="1089" name="TestSuccessfulTokenMatching(&quot;/Users/awi/Documents/Privat/Projekte/...&quot;)" fullname="Gherkin.Specs.TokenizationTests.TestSuccessfulTokenMatching(&quot;/Users/awi/Documents/Privat/Projekte/...&quot;)" methodname="TestSuccessfulTokenMatching" classname="Gherkin.Specs.TokenizationTests" runstate="Runnable" seed="630577105" result="Passed" start-time="2016-06-05 09:27:15Z" end-time="2016-06-05 09:27:15Z" duration="0.002107" asserts="1" />
            <test-case id="1090" name="TestSuccessfulTokenMatching(&quot;/Users/awi/Documents/Privat/Projekte/...&quot;)" fullname="Gherkin.Specs.TokenizationTests.TestSuccessfulTokenMatching(&quot;/Users/awi/Documents/Privat/Projekte/...&quot;)" methodname="TestSuccessfulTokenMatching" classname="Gherkin.Specs.TokenizationTests" runstate="Runnable" seed="1975323773" result="Passed" start-time="2016-06-05 09:27:15Z" end-time="2016-06-05 09:27:15Z" duration="0.001954" asserts="1" />
            <test-case id="1091" name="TestSuccessfulTokenMatching(&quot;/Users/awi/Documents/Privat/Projekte/...&quot;)" fullname="Gherkin.Specs.TokenizationTests.TestSuccessfulTokenMatching(&quot;/Users/awi/Documents/Privat/Projekte/...&quot;)" methodname="TestSuccessfulTokenMatching" classname="Gherkin.Specs.TokenizationTests" runstate="Runnable" seed="737371786" result="Passed" start-time="2016-06-05 09:27:15Z" end-time="2016-06-05 09:27:15Z" duration="0.002518" asserts="1" />
            <test-case id="1092" name="TestSuccessfulTokenMatching(&quot;/Users/awi/Documents/Privat/Projekte/...&quot;)" fullname="Gherkin.Specs.TokenizationTests.TestSuccessfulTokenMatching(&quot;/Users/awi/Documents/Privat/Projekte/...&quot;)" methodname="TestSuccessfulTokenMatching" classname="Gherkin.Specs.TokenizationTests" runstate="Runnable" seed="543869618" result="Passed" start-time="2016-06-05 09:27:15Z" end-time="2016-06-05 09:27:15Z" duration="0.002499" asserts="1" />
            <test-case id="1093" name="TestSuccessfulTokenMatching(&quot;/Users/awi/Documents/Privat/Projekte/...&quot;)" fullname="Gherkin.Specs.TokenizationTests.TestSuccessfulTokenMatching(&quot;/Users/awi/Documents/Privat/Projekte/...&quot;)" methodname="TestSuccessfulTokenMatching" classname="Gherkin.Specs.TokenizationTests" runstate="Runnable" seed="1274375142" result="Passed" start-time="2016-06-05 09:27:15Z" end-time="2016-06-05 09:27:15Z" duration="0.003656" asserts="1" />
            <test-case id="1094" name="TestSuccessfulTokenMatching(&quot;/Users/awi/Documents/Privat/Projekte/...&quot;)" fullname="Gherkin.Specs.TokenizationTests.TestSuccessfulTokenMatching(&quot;/Users/awi/Documents/Privat/Projekte/...&quot;)" methodname="TestSuccessfulTokenMatching" classname="Gherkin.Specs.TokenizationTests" runstate="Runnable" seed="1681474247" result="Passed" start-time="2016-06-05 09:27:15Z" end-time="2016-06-05 09:27:15Z" duration="0.001880" asserts="1" />
            <test-case id="1095" name="TestSuccessfulTokenMatching(&quot;/Users/awi/Documents/Privat/Projekte/...&quot;)" fullname="Gherkin.Specs.TokenizationTests.TestSuccessfulTokenMatching(&quot;/Users/awi/Documents/Privat/Projekte/...&quot;)" methodname="TestSuccessfulTokenMatching" classname="Gherkin.Specs.TokenizationTests" runstate="Runnable" seed="1831529143" result="Passed" start-time="2016-06-05 09:27:15Z" end-time="2016-06-05 09:27:15Z" duration="0.001874" asserts="1" />
            <test-case id="1096" name="TestSuccessfulTokenMatching(&quot;/Users/awi/Documents/Privat/Projekte/...&quot;)" fullname="Gherkin.Specs.TokenizationTests.TestSuccessfulTokenMatching(&quot;/Users/awi/Documents/Privat/Projekte/...&quot;)" methodname="TestSuccessfulTokenMatching" classname="Gherkin.Specs.TokenizationTests" runstate="Runnable" seed="412983599" result="Passed" start-time="2016-06-05 09:27:15Z" end-time="2016-06-05 09:27:15Z" duration="0.001891" asserts="1" />
            <test-case id="1097" name="TestSuccessfulTokenMatching(&quot;/Users/awi/Documents/Privat/Projekte/...&quot;)" fullname="Gherkin.Specs.TokenizationTests.TestSuccessfulTokenMatching(&quot;/Users/awi/Documents/Privat/Projekte/...&quot;)" methodname="TestSuccessfulTokenMatching" classname="Gherkin.Specs.TokenizationTests" runstate="Runnable" seed="1204864490" result="Passed" start-time="2016-06-05 09:27:15Z" end-time="2016-06-05 09:27:15Z" duration="0.002056" asserts="1" />
            <test-case id="1098" name="TestSuccessfulTokenMatching(&quot;/Users/awi/Documents/Privat/Projekte/...&quot;)" fullname="Gherkin.Specs.TokenizationTests.TestSuccessfulTokenMatching(&quot;/Users/awi/Documents/Privat/Projekte/...&quot;)" methodname="TestSuccessfulTokenMatching" classname="Gherkin.Specs.TokenizationTests" runstate="Runnable" seed="1861511888" result="Passed" start-time="2016-06-05 09:27:15Z" end-time="2016-06-05 09:27:15Z" duration="0.002120" asserts="1" />
            <test-case id="1099" name="TestSuccessfulTokenMatching(&quot;/Users/awi/Documents/Privat/Projekte/...&quot;)" fullname="Gherkin.Specs.TokenizationTests.TestSuccessfulTokenMatching(&quot;/Users/awi/Documents/Privat/Projekte/...&quot;)" methodname="TestSuccessfulTokenMatching" classname="Gherkin.Specs.TokenizationTests" runstate="Runnable" seed="1242194185" result="Passed" start-time="2016-06-05 09:27:15Z" end-time="2016-06-05 09:27:15Z" duration="0.004402" asserts="1" />
            <test-case id="1100" name="TestSuccessfulTokenMatching(&quot;/Users/awi/Documents/Privat/Projekte/...&quot;)" fullname="Gherkin.Specs.TokenizationTests.TestSuccessfulTokenMatching(&quot;/Users/awi/Documents/Privat/Projekte/...&quot;)" methodname="TestSuccessfulTokenMatching" classname="Gherkin.Specs.TokenizationTests" runstate="Runnable" seed="1516073491" result="Passed" start-time="2016-06-05 09:27:15Z" end-time="2016-06-05 09:27:15Z" duration="0.002802" asserts="1" />
          </test-suite>
        </test-suite>
      </test-suite>
    </test-suite>
  </test-suite>
</test-run>