<?xml version="1.0" encoding="utf-8"?>
<test-run id="0" testcasecount="92" result="Passed" total="92" passed="92" failed="0" inconclusive="0" skipped="0" asserts="94" portable-engine-version="3.3.0.0" start-time="2016-09-28 11:35:16Z" end-time="2016-09-28 11:35:17Z" duration="0.961309">
  <test-suite type="Assembly" id="1102" name="Gherkin.Specs, Version=1.0.0.0, Culture=neutral, PublicKeyToken=null" fullname="Gherkin.Specs, Version=1.0.0.0, Culture=neutral, PublicKeyToken=null" runstate="Runnable" testcasecount="92" result="Passed" start-time="2016-09-28 11:35:16Z" end-time="2016-09-28 11:35:17Z" duration="0.820564" total="92" passed="92" failed="0" inconclusive="0" skipped="0" asserts="94">
    <settings>
      <setting name="WorkDirectory" value="/Users/awi/Projects/gherkin/dotnet/Gherkin.Specs" />
    </settings>
    <test-suite type="TestSuite" id="1103" name="Gherkin" fullname="Gherkin" runstate="Runnable" testcasecount="92" result="Passed" start-time="2016-09-28 11:35:16Z" end-time="2016-09-28 11:35:17Z" duration="0.814130" total="92" passed="92" failed="0" inconclusive="0" skipped="0" asserts="94">
      <test-suite type="TestSuite" id="1104" name="Specs" fullname="Gherkin.Specs" runstate="Runnable" testcasecount="92" result="Passed" start-time="2016-09-28 11:35:16Z" end-time="2016-09-28 11:35:17Z" duration="0.813943" total="92" passed="92" failed="0" inconclusive="0" skipped="0" asserts="94">
        <test-suite type="TestFixture" id="1000" name="AstBuildingTests" fullname="Gherkin.Specs.AstBuildingTests" classname="Gherkin.Specs.AstBuildingTests" runstate="Runnable" testcasecount="26" result="Passed" start-time="2016-09-28 11:35:16Z" end-time="2016-09-28 11:35:17Z" duration="0.590267" total="26" passed="26" failed="0" inconclusive="0" skipped="0" asserts="26">
          <test-suite type="ParameterizedMethod" id="1027" name="TestSuccessfulAstBuilding" fullname="Gherkin.Specs.AstBuildingTests.TestSuccessfulAstBuilding" classname="Gherkin.Specs.AstBuildingTests" runstate="Runnable" testcasecount="26" result="Passed" start-time="2016-09-28 11:35:16Z" end-time="2016-09-28 11:35:17Z" duration="0.587161" total="26" passed="26" failed="0" inconclusive="0" skipped="0" asserts="26">
            <test-case id="1001" name="TestSuccessfulAstBuilding(&quot;/Users/awi/Projects/gherkin/testdata/good/background.feature&quot;)" fullname="Gherkin.Specs.AstBuildingTests.TestSuccessfulAstBuilding(&quot;/Users/awi/Projects/gherkin/testdata/good/background.feature&quot;)" methodname="TestSuccessfulAstBuilding" classname="Gherkin.Specs.AstBuildingTests" runstate="Runnable" seed="13910358" result="Passed" start-time="2016-09-28 11:35:16Z" end-time="2016-09-28 11:35:16Z" duration="0.383258" asserts="1" />
            <test-case id="1002" name="TestSuccessfulAstBuilding(&quot;/Users/awi/Projects/gherkin/testdata/good/datatables.feature&quot;)" fullname="Gherkin.Specs.AstBuildingTests.TestSuccessfulAstBuilding(&quot;/Users/awi/Projects/gherkin/testdata/good/datatables.feature&quot;)" methodname="TestSuccessfulAstBuilding" classname="Gherkin.Specs.AstBuildingTests" runstate="Runnable" seed="92800635" result="Passed" start-time="2016-09-28 11:35:16Z" end-time="2016-09-28 11:35:17Z" duration="0.030528" asserts="1" />
            <test-case id="1003" name="TestSuccessfulAstBuilding(&quot;/Users/awi/Projects/gherkin/testdata/good/descriptions.feature&quot;)" fullname="Gherkin.Specs.AstBuildingTests.TestSuccessfulAstBuilding(&quot;/Users/awi/Projects/gherkin/testdata/good/descriptions.feature&quot;)" methodname="TestSuccessfulAstBuilding" classname="Gherkin.Specs.AstBuildingTests" runstate="Runnable" seed="2128992100" result="Passed" start-time="2016-09-28 11:35:17Z" end-time="2016-09-28 11:35:17Z" duration="0.027707" asserts="1" />
            <test-case id="1004" name="TestSuccessfulAstBuilding(&quot;/Users/awi/Projects/gherkin/testdata/good/docstrings.feature&quot;)" fullname="Gherkin.Specs.AstBuildingTests.TestSuccessfulAstBuilding(&quot;/Users/awi/Projects/gherkin/testdata/good/docstrings.feature&quot;)" methodname="TestSuccessfulAstBuilding" classname="Gherkin.Specs.AstBuildingTests" runstate="Runnable" seed="234083336" result="Passed" start-time="2016-09-28 11:35:17Z" end-time="2016-09-28 11:35:17Z" duration="0.007489" asserts="1" />
            <test-case id="1005" name="TestSuccessfulAstBuilding(&quot;/Users/awi/Projects/gherkin/testdata/good/empty.feature&quot;)" fullname="Gherkin.Specs.AstBuildingTests.TestSuccessfulAstBuilding(&quot;/Users/awi/Projects/gherkin/testdata/good/empty.feature&quot;)" methodname="TestSuccessfulAstBuilding" classname="Gherkin.Specs.AstBuildingTests" runstate="Runnable" seed="408925961" result="Passed" start-time="2016-09-28 11:35:17Z" end-time="2016-09-28 11:35:17Z" duration="0.001738" asserts="1" />
            <test-case id="1006" name="TestSuccessfulAstBuilding(&quot;/Users/awi/Projects/gherkin/testdata/good/escaped_pipes.feature&quot;)" fullname="Gherkin.Specs.AstBuildingTests.TestSuccessfulAstBuilding(&quot;/Users/awi/Projects/gherkin/testdata/good/escaped_pipes.feature&quot;)" methodname="TestSuccessfulAstBuilding" classname="Gherkin.Specs.AstBuildingTests" runstate="Runnable" seed="702820555" result="Passed" start-time="2016-09-28 11:35:17Z" end-time="2016-09-28 11:35:17Z" duration="0.003853" asserts="1" />
            <test-case id="1007" name="TestSuccessfulAstBuilding(&quot;/Users/awi/Projects/gherkin/testdata/good/example_token_multiple.feature&quot;)" fullname="Gherkin.Specs.AstBuildingTests.TestSuccessfulAstBuilding(&quot;/Users/awi/Projects/gherkin/testdata/good/example_token_multiple.feature&quot;)" methodname="TestSuccessfulAstBuilding" classname="Gherkin.Specs.AstBuildingTests" runstate="Runnable" seed="547962803" result="Passed" start-time="2016-09-28 11:35:17Z" end-time="2016-09-28 11:35:17Z" duration="0.002459" asserts="1" />
            <test-case id="1008" name="TestSuccessfulAstBuilding(&quot;/Users/awi/Projects/gherkin/testdata/good/example_tokens_everywhere.feature&quot;)" fullname="Gherkin.Specs.AstBuildingTests.TestSuccessfulAstBuilding(&quot;/Users/awi/Projects/gherkin/testdata/good/example_tokens_everywhere.feature&quot;)" methodname="TestSuccessfulAstBuilding" classname="Gherkin.Specs.AstBuildingTests" runstate="Runnable" seed="49881979" result="Passed" start-time="2016-09-28 11:35:17Z" end-time="2016-09-28 11:35:17Z" duration="0.006512" asserts="1" />
            <test-case id="1009" name="TestSuccessfulAstBuilding(&quot;/Users/awi/Projects/gherkin/testdata/good/i18n_emoji.feature&quot;)" fullname="Gherkin.Specs.AstBuildingTests.TestSuccessfulAstBuilding(&quot;/Users/awi/Projects/gherkin/testdata/good/i18n_emoji.feature&quot;)" methodname="TestSuccessfulAstBuilding" classname="Gherkin.Specs.AstBuildingTests" runstate="Runnable" seed="544539384" result="Passed" start-time="2016-09-28 11:35:17Z" end-time="2016-09-28 11:35:17Z" duration="0.004752" asserts="1" />
            <test-case id="1010" name="TestSuccessfulAstBuilding(&quot;/Users/awi/Projects/gherkin/testdata/good/i18n_fr.feature&quot;)" fullname="Gherkin.Specs.AstBuildingTests.TestSuccessfulAstBuilding(&quot;/Users/awi/Projects/gherkin/testdata/good/i18n_fr.feature&quot;)" methodname="TestSuccessfulAstBuilding" classname="Gherkin.Specs.AstBuildingTests" runstate="Runnable" seed="775899882" result="Passed" start-time="2016-09-28 11:35:17Z" end-time="2016-09-28 11:35:17Z" duration="0.015035" asserts="1" />
            <test-case id="1011" name="TestSuccessfulAstBuilding(&quot;/Users/awi/Projects/gherkin/testdata/good/i18n_no.feature&quot;)" fullname="Gherkin.Specs.AstBuildingTests.TestSuccessfulAstBuilding(&quot;/Users/awi/Projects/gherkin/testdata/good/i18n_no.feature&quot;)" methodname="TestSuccessfulAstBuilding" classname="Gherkin.Specs.AstBuildingTests" runstate="Runnable" seed="1528504603" result="Passed" start-time="2016-09-28 11:35:17Z" end-time="2016-09-28 11:35:17Z" duration="0.003336" asserts="1" />
            <test-case id="1012" name="TestSuccessfulAstBuilding(&quot;/Users/awi/Projects/gherkin/testdata/good/incomplete_background_1.feature&quot;)" fullname="Gherkin.Specs.AstBuildingTests.TestSuccessfulAstBuilding(&quot;/Users/awi/Projects/gherkin/testdata/good/incomplete_background_1.feature&quot;)" methodname="TestSuccessfulAstBuilding" classname="Gherkin.Specs.AstBuildingTests" runstate="Runnable" seed="1877371033" result="Passed" start-time="2016-09-28 11:35:17Z" end-time="2016-09-28 11:35:17Z" duration="0.002400" asserts="1" />
            <test-case id="1013" name="TestSuccessfulAstBuilding(&quot;/Users/awi/Projects/gherkin/testdata/good/incomplete_background_2.feature&quot;)" fullname="Gherkin.Specs.AstBuildingTests.TestSuccessfulAstBuilding(&quot;/Users/awi/Projects/gherkin/testdata/good/incomplete_background_2.feature&quot;)" methodname="TestSuccessfulAstBuilding" classname="Gherkin.Specs.AstBuildingTests" runstate="Runnable" seed="1801352125" result="Passed" start-time="2016-09-28 11:35:17Z" end-time="2016-09-28 11:35:17Z" duration="0.003584" asserts="1" />
            <test-case id="1014" name="TestSuccessfulAstBuilding(&quot;/Users/awi/Projects/gherkin/testdata/good/incomplete_feature_1.feature&quot;)" fullname="Gherkin.Specs.AstBuildingTests.TestSuccessfulAstBuilding(&quot;/Users/awi/Projects/gherkin/testdata/good/incomplete_feature_1.feature&quot;)" methodname="TestSuccessfulAstBuilding" classname="Gherkin.Specs.AstBuildingTests" runstate="Runnable" seed="1525842669" result="Passed" start-time="2016-09-28 11:35:17Z" end-time="2016-09-28 11:35:17Z" duration="0.002550" asserts="1" />
            <test-case id="1015" name="TestSuccessfulAstBuilding(&quot;/Users/awi/Projects/gherkin/testdata/good/incomplete_feature_2.feature&quot;)" fullname="Gherkin.Specs.AstBuildingTests.TestSuccessfulAstBuilding(&quot;/Users/awi/Projects/gherkin/testdata/good/incomplete_feature_2.feature&quot;)" methodname="TestSuccessfulAstBuilding" classname="Gherkin.Specs.AstBuildingTests" runstate="Runnable" seed="1064696622" result="Passed" start-time="2016-09-28 11:35:17Z" end-time="2016-09-28 11:35:17Z" duration="0.002040" asserts="1" />
            <test-case id="1016" name="TestSuccessfulAstBuilding(&quot;/Users/awi/Projects/gherkin/testdata/good/incomplete_feature_3.feature&quot;)" fullname="Gherkin.Specs.AstBuildingTests.TestSuccessfulAstBuilding(&quot;/Users/awi/Projects/gherkin/testdata/good/incomplete_feature_3.feature&quot;)" methodname="TestSuccessfulAstBuilding" classname="Gherkin.Specs.AstBuildingTests" runstate="Runnable" seed="1994391072" result="Passed" start-time="2016-09-28 11:35:17Z" end-time="2016-09-28 11:35:17Z" duration="0.001802" asserts="1" />
            <test-case id="1017" name="TestSuccessfulAstBuilding(&quot;/Users/awi/Projects/gherkin/testdata/good/incomplete_scenario.feature&quot;)" fullname="Gherkin.Specs.AstBuildingTests.TestSuccessfulAstBuilding(&quot;/Users/awi/Projects/gherkin/testdata/good/incomplete_scenario.feature&quot;)" methodname="TestSuccessfulAstBuilding" classname="Gherkin.Specs.AstBuildingTests" runstate="Runnable" seed="2071996560" result="Passed" start-time="2016-09-28 11:35:17Z" end-time="2016-09-28 11:35:17Z" duration="0.003070" asserts="1" />
            <test-case id="1018" name="TestSuccessfulAstBuilding(&quot;/Users/awi/Projects/gherkin/testdata/good/incomplete_scenario_outline.feature&quot;)" fullname="Gherkin.Specs.AstBuildingTests.TestSuccessfulAstBuilding(&quot;/Users/awi/Projects/gherkin/testdata/good/incomplete_scenario_outline.feature&quot;)" methodname="TestSuccessfulAstBuilding" classname="Gherkin.Specs.AstBuildingTests" runstate="Runnable" seed="1085614438" result="Passed" start-time="2016-09-28 11:35:17Z" end-time="2016-09-28 11:35:17Z" duration="0.004062" asserts="1" />
            <test-case id="1019" name="TestSuccessfulAstBuilding(&quot;/Users/awi/Projects/gherkin/testdata/good/language.feature&quot;)" fullname="Gherkin.Specs.AstBuildingTests.TestSuccessfulAstBuilding(&quot;/Users/awi/Projects/gherkin/testdata/good/language.feature&quot;)" methodname="TestSuccessfulAstBuilding" classname="Gherkin.Specs.AstBuildingTests" runstate="Runnable" seed="344969839" result="Passed" start-time="2016-09-28 11:35:17Z" end-time="2016-09-28 11:35:17Z" duration="0.003682" asserts="1" />
            <test-case id="1020" name="TestSuccessfulAstBuilding(&quot;/Users/awi/Projects/gherkin/testdata/good/minimal.feature&quot;)" fullname="Gherkin.Specs.AstBuildingTests.TestSuccessfulAstBuilding(&quot;/Users/awi/Projects/gherkin/testdata/good/minimal.feature&quot;)" methodname="TestSuccessfulAstBuilding" classname="Gherkin.Specs.AstBuildingTests" runstate="Runnable" seed="1729649334" result="Passed" start-time="2016-09-28 11:35:17Z" end-time="2016-09-28 11:35:17Z" duration="0.002443" asserts="1" />
            <test-case id="1021" name="TestSuccessfulAstBuilding(&quot;/Users/awi/Projects/gherkin/testdata/good/scenario_outline.feature&quot;)" fullname="Gherkin.Specs.AstBuildingTests.TestSuccessfulAstBuilding(&quot;/Users/awi/Projects/gherkin/testdata/good/scenario_outline.feature&quot;)" methodname="TestSuccessfulAstBuilding" classname="Gherkin.Specs.AstBuildingTests" runstate="Runnable" seed="1042115702" result="Passed" start-time="2016-09-28 11:35:17Z" end-time="2016-09-28 11:35:17Z" duration="0.002858" asserts="1" />
            <test-case id="1022" name="TestSuccessfulAstBuilding(&quot;/Users/awi/Projects/gherkin/testdata/good/scenario_outline_no_newline.feature&quot;)" fullname="Gherkin.Specs.AstBuildingTests.TestSuccessfulAstBuilding(&quot;/Users/awi/Projects/gherkin/testdata/good/scenario_outline_no_newline.feature&quot;)" methodname="TestSuccessfulAstBuilding" classname="Gherkin.Specs.AstBuildingTests" runstate="Runnable" seed="2132685035" result="Passed" start-time="2016-09-28 11:35:17Z" end-time="2016-09-28 11:35:17Z" duration="0.002660" asserts="1" />
            <test-case id="1023" name="TestSuccessfulAstBuilding(&quot;/Users/awi/Projects/gherkin/testdata/good/scenario_outlines_with_tags.feature&quot;)" fullname="Gherkin.Specs.AstBuildingTests.TestSuccessfulAstBuilding(&quot;/Users/awi/Projects/gherkin/testdata/good/scenario_outlines_with_tags.feature&quot;)" methodname="TestSuccessfulAstBuilding" classname="Gherkin.Specs.AstBuildingTests" runstate="Runnable" seed="1321108237" result="Passed" start-time="2016-09-28 11:35:17Z" end-time="2016-09-28 11:35:17Z" duration="0.011286" asserts="1" />
            <test-case id="1024" name="TestSuccessfulAstBuilding(&quot;/Users/awi/Projects/gherkin/testdata/good/several_examples.feature&quot;)" fullname="Gherkin.Specs.AstBuildingTests.TestSuccessfulAstBuilding(&quot;/Users/awi/Projects/gherkin/testdata/good/several_examples.feature&quot;)" methodname="TestSuccessfulAstBuilding" classname="Gherkin.Specs.AstBuildingTests" runstate="Runnable" seed="730048699" result="Passed" start-time="2016-09-28 11:35:17Z" end-time="2016-09-28 11:35:17Z" duration="0.002955" asserts="1" />
            <test-case id="1025" name="TestSuccessfulAstBuilding(&quot;/Users/awi/Projects/gherkin/testdata/good/spaces_in_language.feature&quot;)" fullname="Gherkin.Specs.AstBuildingTests.TestSuccessfulAstBuilding(&quot;/Users/awi/Projects/gherkin/testdata/good/spaces_in_language.feature&quot;)" methodname="TestSuccessfulAstBuilding" classname="Gherkin.Specs.AstBuildingTests" runstate="Runnable" seed="728831182" result="Passed" start-time="2016-09-28 11:35:17Z" end-time="2016-09-28 11:35:17Z" duration="0.003278" asserts="1" />
            <test-case id="1026" name="TestSuccessfulAstBuilding(&quot;/Users/awi/Projects/gherkin/testdata/good/tags.feature&quot;)" fullname="Gherkin.Specs.AstBuildingTests.TestSuccessfulAstBuilding(&quot;/Users/awi/Projects/gherkin/testdata/good/tags.feature&quot;)" methodname="TestSuccessfulAstBuilding" classname="Gherkin.Specs.AstBuildingTests" runstate="Runnable" seed="241125314" result="Passed" start-time="2016-09-28 11:35:17Z" end-time="2016-09-28 11:35:17Z" duration="0.003773" asserts="1" />
          </test-suite>
        </test-suite>
        <test-suite type="TestFixture" id="1028" name="GherkinDialectTests" fullname="Gherkin.Specs.GherkinDialectTests" classname="Gherkin.Specs.GherkinDialectTests" runstate="Runnable" testcasecount="3" result="Passed" start-time="2016-09-28 11:35:17Z" end-time="2016-09-28 11:35:17Z" duration="0.014883" total="3" passed="3" failed="0" inconclusive="0" skipped="0" asserts="3">
          <test-case id="1030" name="ShouldThrowNoSuchLanguageExceptionForInvalidDefaultLanguage" fullname="Gherkin.Specs.GherkinDialectTests.ShouldThrowNoSuchLanguageExceptionForInvalidDefaultLanguage" methodname="ShouldThrowNoSuchLanguageExceptionForInvalidDefaultLanguage" classname="Gherkin.Specs.GherkinDialectTests" runstate="Runnable" seed="1482882068" result="Passed" start-time="2016-09-28 11:35:17Z" end-time="2016-09-28 11:35:17Z" duration="0.010567" asserts="1" />
          <test-case id="1029" name="ShouldThrowNoSuchLanguageExceptionForInvalidLanguage" fullname="Gherkin.Specs.GherkinDialectTests.ShouldThrowNoSuchLanguageExceptionForInvalidLanguage" methodname="ShouldThrowNoSuchLanguageExceptionForInvalidLanguage" classname="Gherkin.Specs.GherkinDialectTests" runstate="Runnable" seed="1991571290" result="Passed" start-time="2016-09-28 11:35:17Z" end-time="2016-09-28 11:35:17Z" duration="0.001478" asserts="1" />
          <test-case id="1031" name="ShouldThrowNoSuchLanguageExceptionForInvalidLanguageWithoutLocation" fullname="Gherkin.Specs.GherkinDialectTests.ShouldThrowNoSuchLanguageExceptionForInvalidLanguageWithoutLocation" methodname="ShouldThrowNoSuchLanguageExceptionForInvalidLanguageWithoutLocation" classname="Gherkin.Specs.GherkinDialectTests" runstate="Runnable" seed="252516350" result="Passed" start-time="2016-09-28 11:35:17Z" end-time="2016-09-28 11:35:17Z" duration="0.001461" asserts="1" />
        </test-suite>
        <test-suite type="TestFixture" id="1032" name="ParserErrorsTest" fullname="Gherkin.Specs.ParserErrorsTest" classname="Gherkin.Specs.ParserErrorsTest" runstate="Runnable" testcasecount="7" result="Passed" start-time="2016-09-28 11:35:17Z" end-time="2016-09-28 11:35:17Z" duration="0.046692" total="7" passed="7" failed="0" inconclusive="0" skipped="0" asserts="7">
          <test-case id="1040" name="TestFeatureAfterParseError" fullname="Gherkin.Specs.ParserErrorsTest.TestFeatureAfterParseError" methodname="TestFeatureAfterParseError" classname="Gherkin.Specs.ParserErrorsTest" runstate="Runnable" seed="2020127978" result="Passed" start-time="2016-09-28 11:35:17Z" end-time="2016-09-28 11:35:17Z" duration="0.019264" asserts="1" />
          <test-suite type="ParameterizedMethod" id="1039" name="TestParserErrors" fullname="Gherkin.Specs.ParserErrorsTest.TestParserErrors" classname="Gherkin.Specs.ParserErrorsTest" runstate="Runnable" testcasecount="6" result="Passed" start-time="2016-09-28 11:35:17Z" end-time="2016-09-28 11:35:17Z" duration="0.026599" total="6" passed="6" failed="0" inconclusive="0" skipped="0" asserts="6">
            <test-case id="1033" name="TestParserErrors(&quot;/Users/awi/Projects/gherkin/testdata/bad/inconsistent_cell_count.feature&quot;)" fullname="Gherkin.Specs.ParserErrorsTest.TestParserErrors(&quot;/Users/awi/Projects/gherkin/testdata/bad/inconsistent_cell_count.feature&quot;)" methodname="TestParserErrors" classname="Gherkin.Specs.ParserErrorsTest" runstate="Runnable" seed="530197125" result="Passed" start-time="2016-09-28 11:35:17Z" end-time="2016-09-28 11:35:17Z" duration="0.003016" asserts="1" />
            <test-case id="1034" name="TestParserErrors(&quot;/Users/awi/Projects/gherkin/testdata/bad/invalid_language.feature&quot;)" fullname="Gherkin.Specs.ParserErrorsTest.TestParserErrors(&quot;/Users/awi/Projects/gherkin/testdata/bad/invalid_language.feature&quot;)" methodname="TestParserErrors" classname="Gherkin.Specs.ParserErrorsTest" runstate="Runnable" seed="682484322" result="Passed" start-time="2016-09-28 11:35:17Z" end-time="2016-09-28 11:35:17Z" duration="0.012668" asserts="1" />
            <test-case id="1035" name="TestParserErrors(&quot;/Users/awi/Projects/gherkin/testdata/bad/multiple_parser_errors.feature&quot;)" fullname="Gherkin.Specs.ParserErrorsTest.TestParserErrors(&quot;/Users/awi/Projects/gherkin/testdata/bad/multiple_parser_errors.feature&quot;)" methodname="TestParserErrors" classname="Gherkin.Specs.ParserErrorsTest" runstate="Runnable" seed="162321278" result="Passed" start-time="2016-09-28 11:35:17Z" end-time="2016-09-28 11:35:17Z" duration="0.003422" asserts="1" />
            <test-case id="1036" name="TestParserErrors(&quot;/Users/awi/Projects/gherkin/testdata/bad/not_gherkin.feature&quot;)" fullname="Gherkin.Specs.ParserErrorsTest.TestParserErrors(&quot;/Users/awi/Projects/gherkin/testdata/bad/not_gherkin.feature&quot;)" methodname="TestParserErrors" classname="Gherkin.Specs.ParserErrorsTest" runstate="Runnable" seed="1417579043" result="Passed" start-time="2016-09-28 11:35:17Z" end-time="2016-09-28 11:35:17Z" duration="0.001583" asserts="1" />
            <test-case id="1037" name="TestParserErrors(&quot;/Users/awi/Projects/gherkin/testdata/bad/single_parser_error.feature&quot;)" fullname="Gherkin.Specs.ParserErrorsTest.TestParserErrors(&quot;/Users/awi/Projects/gherkin/testdata/bad/single_parser_error.feature&quot;)" methodname="TestParserErrors" classname="Gherkin.Specs.ParserErrorsTest" runstate="Runnable" seed="318304931" result="Passed" start-time="2016-09-28 11:35:17Z" end-time="2016-09-28 11:35:17Z" duration="0.001564" asserts="1" />
            <test-case id="1038" name="TestParserErrors(&quot;/Users/awi/Projects/gherkin/testdata/bad/unexpected_eof.feature&quot;)" fullname="Gherkin.Specs.ParserErrorsTest.TestParserErrors(&quot;/Users/awi/Projects/gherkin/testdata/bad/unexpected_eof.feature&quot;)" methodname="TestParserErrors" classname="Gherkin.Specs.ParserErrorsTest" runstate="Runnable" seed="1604768645" result="Passed" start-time="2016-09-28 11:35:17Z" end-time="2016-09-28 11:35:17Z" duration="0.001576" asserts="1" />
          </test-suite>
        </test-suite>
        <test-suite type="TestFixture" id="1041" name="StringUtilseTests" fullname="Gherkin.Specs.StringUtilseTests" classname="Gherkin.Specs.StringUtilseTests" runstate="Runnable" testcasecount="2" result="Passed" start-time="2016-09-28 11:35:17Z" end-time="2016-09-28 11:35:17Z" duration="0.005386" total="2" passed="2" failed="0" inconclusive="0" skipped="0" asserts="3">
          <test-case id="1043" name="StartsWithTitleLineWorks" fullname="Gherkin.Specs.StringUtilseTests.StartsWithTitleLineWorks" methodname="StartsWithTitleLineWorks" classname="Gherkin.Specs.StringUtilseTests" runstate="Runnable" seed="1817274050" result="Passed" start-time="2016-09-28 11:35:17Z" end-time="2016-09-28 11:35:17Z" duration="0.002837" asserts="1" />
          <test-case id="1042" name="StartsWithWorks" fullname="Gherkin.Specs.StringUtilseTests.StartsWithWorks" methodname="StartsWithWorks" classname="Gherkin.Specs.StringUtilseTests" runstate="Runnable" seed="1696156134" result="Passed" start-time="2016-09-28 11:35:17Z" end-time="2016-09-28 11:35:17Z" duration="0.001767" asserts="2" />
        </test-suite>
        <test-suite type="TestFixture" id="1044" name="SuccessfulParsingTests" fullname="Gherkin.Specs.SuccessfulParsingTests" classname="Gherkin.Specs.SuccessfulParsingTests" runstate="Runnable" testcasecount="28" result="Passed" start-time="2016-09-28 11:35:17Z" end-time="2016-09-28 11:35:17Z" duration="0.073806" total="28" passed="28" failed="0" inconclusive="0" skipped="0" asserts="29">
          <test-case id="1073" name="TestChangeDefaultLanguage" fullname="Gherkin.Specs.SuccessfulParsingTests.TestChangeDefaultLanguage" methodname="TestChangeDefaultLanguage" classname="Gherkin.Specs.SuccessfulParsingTests" runstate="Runnable" seed="80143501" result="Passed" start-time="2016-09-28 11:35:17Z" end-time="2016-09-28 11:35:17Z" duration="0.001534" asserts="1" />
          <test-case id="1072" name="TestMultipleFeatures" fullname="Gherkin.Specs.SuccessfulParsingTests.TestMultipleFeatures" methodname="TestMultipleFeatures" classname="Gherkin.Specs.SuccessfulParsingTests" runstate="Runnable" seed="71552428" result="Passed" start-time="2016-09-28 11:35:17Z" end-time="2016-09-28 11:35:17Z" duration="0.001482" asserts="2" />
          <test-suite type="ParameterizedMethod" id="1071" name="TestSuccessfulParsing" fullname="Gherkin.Specs.SuccessfulParsingTests.TestSuccessfulParsing" classname="Gherkin.Specs.SuccessfulParsingTests" runstate="Runnable" testcasecount="26" result="Passed" start-time="2016-09-28 11:35:17Z" end-time="2016-09-28 11:35:17Z" duration="0.069795" total="26" passed="26" failed="0" inconclusive="0" skipped="0" asserts="26">
            <test-case id="1045" name="TestSuccessfulParsing(&quot;/Users/awi/Projects/gherkin/testdata/good/background.feature&quot;)" fullname="Gherkin.Specs.SuccessfulParsingTests.TestSuccessfulParsing(&quot;/Users/awi/Projects/gherkin/testdata/good/background.feature&quot;)" methodname="TestSuccessfulParsing" classname="Gherkin.Specs.SuccessfulParsingTests" runstate="Runnable" seed="999173386" result="Passed" start-time="2016-09-28 11:35:17Z" end-time="2016-09-28 11:35:17Z" duration="0.005068" asserts="1" />
            <test-case id="1046" name="TestSuccessfulParsing(&quot;/Users/awi/Projects/gherkin/testdata/good/datatables.feature&quot;)" fullname="Gherkin.Specs.SuccessfulParsingTests.TestSuccessfulParsing(&quot;/Users/awi/Projects/gherkin/testdata/good/datatables.feature&quot;)" methodname="TestSuccessfulParsing" classname="Gherkin.Specs.SuccessfulParsingTests" runstate="Runnable" seed="1284486286" result="Passed" start-time="2016-09-28 11:35:17Z" end-time="2016-09-28 11:35:17Z" duration="0.001601" asserts="1" />
            <test-case id="1047" name="TestSuccessfulParsing(&quot;/Users/awi/Projects/gherkin/testdata/good/descriptions.feature&quot;)" fullname="Gherkin.Specs.SuccessfulParsingTests.TestSuccessfulParsing(&quot;/Users/awi/Projects/gherkin/testdata/good/descriptions.feature&quot;)" methodname="TestSuccessfulParsing" classname="Gherkin.Specs.SuccessfulParsingTests" runstate="Runnable" seed="1502008941" result="Passed" start-time="2016-09-28 11:35:17Z" end-time="2016-09-28 11:35:17Z" duration="0.003005" asserts="1" />
            <test-case id="1048" name="TestSuccessfulParsing(&quot;/Users/awi/Projects/gherkin/testdata/good/docstrings.feature&quot;)" fullname="Gherkin.Specs.SuccessfulParsingTests.TestSuccessfulParsing(&quot;/Users/awi/Projects/gherkin/testdata/good/docstrings.feature&quot;)" methodname="TestSuccessfulParsing" classname="Gherkin.Specs.SuccessfulParsingTests" runstate="Runnable" seed="1256210937" result="Passed" start-time="2016-09-28 11:35:17Z" end-time="2016-09-28 11:35:17Z" duration="0.001700" asserts="1" />
            <test-case id="1049" name="TestSuccessfulParsing(&quot;/Users/awi/Projects/gherkin/testdata/good/empty.feature&quot;)" fullname="Gherkin.Specs.SuccessfulParsingTests.TestSuccessfulParsing(&quot;/Users/awi/Projects/gherkin/testdata/good/empty.feature&quot;)" methodname="TestSuccessfulParsing" classname="Gherkin.Specs.SuccessfulParsingTests" runstate="Runnable" seed="1807152795" result="Passed" start-time="2016-09-28 11:35:17Z" end-time="2016-09-28 11:35:17Z" duration="0.001081" asserts="1" />
            <test-case id="1050" name="TestSuccessfulParsing(&quot;/Users/awi/Projects/gherkin/testdata/good/escaped_pipes.feature&quot;)" fullname="Gherkin.Specs.SuccessfulParsingTests.TestSuccessfulParsing(&quot;/Users/awi/Projects/gherkin/testdata/good/escaped_pipes.feature&quot;)" methodname="TestSuccessfulParsing" classname="Gherkin.Specs.SuccessfulParsingTests" runstate="Runnable" seed="586694988" result="Passed" start-time="2016-09-28 11:35:17Z" end-time="2016-09-28 11:35:17Z" duration="0.001320" asserts="1" />
            <test-case id="1051" name="TestSuccessfulParsing(&quot;/Users/awi/Projects/gherkin/testdata/good/example_token_multiple.feature&quot;)" fullname="Gherkin.Specs.SuccessfulParsingTests.TestSuccessfulParsing(&quot;/Users/awi/Projects/gherkin/testdata/good/example_token_multiple.feature&quot;)" methodname="TestSuccessfulParsing" classname="Gherkin.Specs.SuccessfulParsingTests" runstate="Runnable" seed="1891911870" result="Passed" start-time="2016-09-28 11:35:17Z" end-time="2016-09-28 11:35:17Z" duration="0.001345" asserts="1" />
            <test-case id="1052" name="TestSuccessfulParsing(&quot;/Users/awi/Projects/gherkin/testdata/good/example_tokens_everywhere.feature&quot;)" fullname="Gherkin.Specs.SuccessfulParsingTests.TestSuccessfulParsing(&quot;/Users/awi/Projects/gherkin/testdata/good/example_tokens_everywhere.feature&quot;)" methodname="TestSuccessfulParsing" classname="Gherkin.Specs.SuccessfulParsingTests" runstate="Runnable" seed="1112588687" result="Passed" start-time="2016-09-28 11:35:17Z" end-time="2016-09-28 11:35:17Z" duration="0.003743" asserts="1" />
            <test-case id="1053" name="TestSuccessfulParsing(&quot;/Users/awi/Projects/gherkin/testdata/good/i18n_emoji.feature&quot;)" fullname="Gherkin.Specs.SuccessfulParsingTests.TestSuccessfulParsing(&quot;/Users/awi/Projects/gherkin/testdata/good/i18n_emoji.feature&quot;)" methodname="TestSuccessfulParsing" classname="Gherkin.Specs.SuccessfulParsingTests" runstate="Runnable" seed="1246478618" result="Passed" start-time="2016-09-28 11:35:17Z" end-time="2016-09-28 11:35:17Z" duration="0.002154" asserts="1" />
            <test-case id="1054" name="TestSuccessfulParsing(&quot;/Users/awi/Projects/gherkin/testdata/good/i18n_fr.feature&quot;)" fullname="Gherkin.Specs.SuccessfulParsingTests.TestSuccessfulParsing(&quot;/Users/awi/Projects/gherkin/testdata/good/i18n_fr.feature&quot;)" methodname="TestSuccessfulParsing" classname="Gherkin.Specs.SuccessfulParsingTests" runstate="Runnable" seed="576072113" result="Passed" start-time="2016-09-28 11:35:17Z" end-time="2016-09-28 11:35:17Z" duration="0.010546" asserts="1" />
            <test-case id="1055" name="TestSuccessfulParsing(&quot;/Users/awi/Projects/gherkin/testdata/good/i18n_no.feature&quot;)" fullname="Gherkin.Specs.SuccessfulParsingTests.TestSuccessfulParsing(&quot;/Users/awi/Projects/gherkin/testdata/good/i18n_no.feature&quot;)" methodname="TestSuccessfulParsing" classname="Gherkin.Specs.SuccessfulParsingTests" runstate="Runnable" seed="357120626" result="Passed" start-time="2016-09-28 11:35:17Z" end-time="2016-09-28 11:35:17Z" duration="0.002189" asserts="1" />
            <test-case id="1056" name="TestSuccessfulParsing(&quot;/Users/awi/Projects/gherkin/testdata/good/incomplete_background_1.feature&quot;)" fullname="Gherkin.Specs.SuccessfulParsingTests.TestSuccessfulParsing(&quot;/Users/awi/Projects/gherkin/testdata/good/incomplete_background_1.feature&quot;)" methodname="TestSuccessfulParsing" classname="Gherkin.Specs.SuccessfulParsingTests" runstate="Runnable" seed="942787238" result="Passed" start-time="2016-09-28 11:35:17Z" end-time="2016-09-28 11:35:17Z" duration="0.001187" asserts="1" />
            <test-case id="1057" name="TestSuccessfulParsing(&quot;/Users/awi/Projects/gherkin/testdata/good/incomplete_background_2.feature&quot;)" fullname="Gherkin.Specs.SuccessfulParsingTests.TestSuccessfulParsing(&quot;/Users/awi/Projects/gherkin/testdata/good/incomplete_background_2.feature&quot;)" methodname="TestSuccessfulParsing" classname="Gherkin.Specs.SuccessfulParsingTests" runstate="Runnable" seed="1478990791" result="Passed" start-time="2016-09-28 11:35:17Z" end-time="2016-09-28 11:35:17Z" duration="0.001280" asserts="1" />
            <test-case id="1058" name="TestSuccessfulParsing(&quot;/Users/awi/Projects/gherkin/testdata/good/incomplete_feature_1.feature&quot;)" fullname="Gherkin.Specs.SuccessfulParsingTests.TestSuccessfulParsing(&quot;/Users/awi/Projects/gherkin/testdata/good/incomplete_feature_1.feature&quot;)" methodname="TestSuccessfulParsing" classname="Gherkin.Specs.SuccessfulParsingTests" runstate="Runnable" seed="99221338" result="Passed" start-time="2016-09-28 11:35:17Z" end-time="2016-09-28 11:35:17Z" duration="0.001186" asserts="1" />
            <test-case id="1059" name="TestSuccessfulParsing(&quot;/Users/awi/Projects/gherkin/testdata/good/incomplete_feature_2.feature&quot;)" fullname="Gherkin.Specs.SuccessfulParsingTests.TestSuccessfulParsing(&quot;/Users/awi/Projects/gherkin/testdata/good/incomplete_feature_2.feature&quot;)" methodname="TestSuccessfulParsing" classname="Gherkin.Specs.SuccessfulParsingTests" runstate="Runnable" seed="1774807116" result="Passed" start-time="2016-09-28 11:35:17Z" end-time="2016-09-28 11:35:17Z" duration="0.001149" asserts="1" />
            <test-case id="1060" name="TestSuccessfulParsing(&quot;/Users/awi/Projects/gherkin/testdata/good/incomplete_feature_3.feature&quot;)" fullname="Gherkin.Specs.SuccessfulParsingTests.TestSuccessfulParsing(&quot;/Users/awi/Projects/gherkin/testdata/good/incomplete_feature_3.feature&quot;)" methodname="TestSuccessfulParsing" classname="Gherkin.Specs.SuccessfulParsingTests" runstate="Runnable" seed="2112461272" result="Passed" start-time="2016-09-28 11:35:17Z" end-time="2016-09-28 11:35:17Z" duration="0.001144" asserts="1" />
            <test-case id="1061" name="TestSuccessfulParsing(&quot;/Users/awi/Projects/gherkin/testdata/good/incomplete_scenario.feature&quot;)" fullname="Gherkin.Specs.SuccessfulParsingTests.TestSuccessfulParsing(&quot;/Users/awi/Projects/gherkin/testdata/good/incomplete_scenario.feature&quot;)" methodname="TestSuccessfulParsing" classname="Gherkin.Specs.SuccessfulParsingTests" runstate="Runnable" seed="1146934342" result="Passed" start-time="2016-09-28 11:35:17Z" end-time="2016-09-28 11:35:17Z" duration="0.001248" asserts="1" />
            <test-case id="1062" name="TestSuccessfulParsing(&quot;/Users/awi/Projects/gherkin/testdata/good/incomplete_scenario_outline.feature&quot;)" fullname="Gherkin.Specs.SuccessfulParsingTests.TestSuccessfulParsing(&quot;/Users/awi/Projects/gherkin/testdata/good/incomplete_scenario_outline.feature&quot;)" methodname="TestSuccessfulParsing" classname="Gherkin.Specs.SuccessfulParsingTests" runstate="Runnable" seed="932441348" result="Passed" start-time="2016-09-28 11:35:17Z" end-time="2016-09-28 11:35:17Z" duration="0.001742" asserts="1" />
            <test-case id="1063" name="TestSuccessfulParsing(&quot;/Users/awi/Projects/gherkin/testdata/good/language.feature&quot;)" fullname="Gherkin.Specs.SuccessfulParsingTests.TestSuccessfulParsing(&quot;/Users/awi/Projects/gherkin/testdata/good/language.feature&quot;)" methodname="TestSuccessfulParsing" classname="Gherkin.Specs.SuccessfulParsingTests" runstate="Runnable" seed="1933038997" result="Passed" start-time="2016-09-28 11:35:17Z" end-time="2016-09-28 11:35:17Z" duration="0.002009" asserts="1" />
            <test-case id="1064" name="TestSuccessfulParsing(&quot;/Users/awi/Projects/gherkin/testdata/good/minimal.feature&quot;)" fullname="Gherkin.Specs.SuccessfulParsingTests.TestSuccessfulParsing(&quot;/Users/awi/Projects/gherkin/testdata/good/minimal.feature&quot;)" methodname="TestSuccessfulParsing" classname="Gherkin.Specs.SuccessfulParsingTests" runstate="Runnable" seed="74866350" result="Passed" start-time="2016-09-28 11:35:17Z" end-time="2016-09-28 11:35:17Z" duration="0.001140" asserts="1" />
            <test-case id="1065" name="TestSuccessfulParsing(&quot;/Users/awi/Projects/gherkin/testdata/good/scenario_outline.feature&quot;)" fullname="Gherkin.Specs.SuccessfulParsingTests.TestSuccessfulParsing(&quot;/Users/awi/Projects/gherkin/testdata/good/scenario_outline.feature&quot;)" methodname="TestSuccessfulParsing" classname="Gherkin.Specs.SuccessfulParsingTests" runstate="Runnable" seed="545001990" result="Passed" start-time="2016-09-28 11:35:17Z" end-time="2016-09-28 11:35:17Z" duration="0.001288" asserts="1" />
            <test-case id="1066" name="TestSuccessfulParsing(&quot;/Users/awi/Projects/gherkin/testdata/good/scenario_outline_no_newline.feature&quot;)" fullname="Gherkin.Specs.SuccessfulParsingTests.TestSuccessfulParsing(&quot;/Users/awi/Projects/gherkin/testdata/good/scenario_outline_no_newline.feature&quot;)" methodname="TestSuccessfulParsing" classname="Gherkin.Specs.SuccessfulParsingTests" runstate="Runnable" seed="1670053836" result="Passed" start-time="2016-09-28 11:35:17Z" end-time="2016-09-28 11:35:17Z" duration="0.001249" asserts="1" />
            <test-case id="1067" name="TestSuccessfulParsing(&quot;/Users/awi/Projects/gherkin/testdata/good/scenario_outlines_with_tags.feature&quot;)" fullname="Gherkin.Specs.SuccessfulParsingTests.TestSuccessfulParsing(&quot;/Users/awi/Projects/gherkin/testdata/good/scenario_outlines_with_tags.feature&quot;)" methodname="TestSuccessfulParsing" classname="Gherkin.Specs.SuccessfulParsingTests" runstate="Runnable" seed="393933457" result="Passed" start-time="2016-09-28 11:35:17Z" end-time="2016-09-28 11:35:17Z" duration="0.001477" asserts="1" />
            <test-case id="1068" name="TestSuccessfulParsing(&quot;/Users/awi/Projects/gherkin/testdata/good/several_examples.feature&quot;)" fullname="Gherkin.Specs.SuccessfulParsingTests.TestSuccessfulParsing(&quot;/Users/awi/Projects/gherkin/testdata/good/several_examples.feature&quot;)" methodname="TestSuccessfulParsing" classname="Gherkin.Specs.SuccessfulParsingTests" runstate="Runnable" seed="1125912952" result="Passed" start-time="2016-09-28 11:35:17Z" end-time="2016-09-28 11:35:17Z" duration="0.001359" asserts="1" />
            <test-case id="1069" name="TestSuccessfulParsing(&quot;/Users/awi/Projects/gherkin/testdata/good/spaces_in_language.feature&quot;)" fullname="Gherkin.Specs.SuccessfulParsingTests.TestSuccessfulParsing(&quot;/Users/awi/Projects/gherkin/testdata/good/spaces_in_language.feature&quot;)" methodname="TestSuccessfulParsing" classname="Gherkin.Specs.SuccessfulParsingTests" runstate="Runnable" seed="1968560547" result="Passed" start-time="2016-09-28 11:35:17Z" end-time="2016-09-28 11:35:17Z" duration="0.001937" asserts="1" />
            <test-case id="1070" name="TestSuccessfulParsing(&quot;/Users/awi/Projects/gherkin/testdata/good/tags.feature&quot;)" fullname="Gherkin.Specs.SuccessfulParsingTests.TestSuccessfulParsing(&quot;/Users/awi/Projects/gherkin/testdata/good/tags.feature&quot;)" methodname="TestSuccessfulParsing" classname="Gherkin.Specs.SuccessfulParsingTests" runstate="Runnable" seed="240364921" result="Passed" start-time="2016-09-28 11:35:17Z" end-time="2016-09-28 11:35:17Z" duration="0.003620" asserts="1" />
          </test-suite>
        </test-suite>
        <test-suite type="TestFixture" id="1074" name="TokenizationTests" fullname="Gherkin.Specs.TokenizationTests" classname="Gherkin.Specs.TokenizationTests" runstate="Runnable" testcasecount="26" result="Passed" start-time="2016-09-28 11:35:17Z" end-time="2016-09-28 11:35:17Z" duration="0.080420" total="26" passed="26" failed="0" inconclusive="0" skipped="0" asserts="26">
          <test-suite type="ParameterizedMethod" id="1101" name="TestSuccessfulTokenMatching" fullname="Gherkin.Specs.TokenizationTests.TestSuccessfulTokenMatching" classname="Gherkin.Specs.TokenizationTests" runstate="Runnable" testcasecount="26" result="Passed" start-time="2016-09-28 11:35:17Z" end-time="2016-09-28 11:35:17Z" duration="0.079988" total="26" passed="26" failed="0" inconclusive="0" skipped="0" asserts="26">
            <test-case id="1075" name="TestSuccessfulTokenMatching(&quot;/Users/awi/Projects/gherkin/testdata/good/background.feature&quot;)" fullname="Gherkin.Specs.TokenizationTests.TestSuccessfulTokenMatching(&quot;/Users/awi/Projects/gherkin/testdata/good/background.feature&quot;)" methodname="TestSuccessfulTokenMatching" classname="Gherkin.Specs.TokenizationTests" runstate="Runnable" seed="656963447" result="Passed" start-time="2016-09-28 11:35:17Z" end-time="2016-09-28 11:35:17Z" duration="0.004385" asserts="1" />
            <test-case id="1076" name="TestSuccessfulTokenMatching(&quot;/Users/awi/Projects/gherkin/testdata/good/datatables.feature&quot;)" fullname="Gherkin.Specs.TokenizationTests.TestSuccessfulTokenMatching(&quot;/Users/awi/Projects/gherkin/testdata/good/datatables.feature&quot;)" methodname="TestSuccessfulTokenMatching" classname="Gherkin.Specs.TokenizationTests" runstate="Runnable" seed="1906860187" result="Passed" start-time="2016-09-28 11:35:17Z" end-time="2016-09-28 11:35:17Z" duration="0.004033" asserts="1" />
            <test-case id="1077" name="TestSuccessfulTokenMatching(&quot;/Users/awi/Projects/gherkin/testdata/good/descriptions.feature&quot;)" fullname="Gherkin.Specs.TokenizationTests.TestSuccessfulTokenMatching(&quot;/Users/awi/Projects/gherkin/testdata/good/descriptions.feature&quot;)" methodname="TestSuccessfulTokenMatching" classname="Gherkin.Specs.TokenizationTests" runstate="Runnable" seed="1988559528" result="Passed" start-time="2016-09-28 11:35:17Z" end-time="2016-09-28 11:35:17Z" duration="0.005304" asserts="1" />
            <test-case id="1078" name="TestSuccessfulTokenMatching(&quot;/Users/awi/Projects/gherkin/testdata/good/docstrings.feature&quot;)" fullname="Gherkin.Specs.TokenizationTests.TestSuccessfulTokenMatching(&quot;/Users/awi/Projects/gherkin/testdata/good/docstrings.feature&quot;)" methodname="TestSuccessfulTokenMatching" classname="Gherkin.Specs.TokenizationTests" runstate="Runnable" seed="148946506" result="Passed" start-time="2016-09-28 11:35:17Z" end-time="2016-09-28 11:35:17Z" duration="0.002356" asserts="1" />
            <test-case id="1079" name="TestSuccessfulTokenMatching(&quot;/Users/awi/Projects/gherkin/testdata/good/empty.feature&quot;)" fullname="Gherkin.Specs.TokenizationTests.TestSuccessfulTokenMatching(&quot;/Users/awi/Projects/gherkin/testdata/good/empty.feature&quot;)" methodname="TestSuccessfulTokenMatching" classname="Gherkin.Specs.TokenizationTests" runstate="Runnable" seed="1721499437" result="Passed" start-time="2016-09-28 11:35:17Z" end-time="2016-09-28 11:35:17Z" duration="0.001376" asserts="1" />
            <test-case id="1080" name="TestSuccessfulTokenMatching(&quot;/Users/awi/Projects/gherkin/testdata/good/escaped_pipes.feature&quot;)" fullname="Gherkin.Specs.TokenizationTests.TestSuccessfulTokenMatching(&quot;/Users/awi/Projects/gherkin/testdata/good/escaped_pipes.feature&quot;)" methodname="TestSuccessfulTokenMatching" classname="Gherkin.Specs.TokenizationTests" runstate="Runnable" seed="1362821123" result="Passed" start-time="2016-09-28 11:35:17Z" end-time="2016-09-28 11:35:17Z" duration="0.001594" asserts="1" />
            <test-case id="1081" name="TestSuccessfulTokenMatching(&quot;/Users/awi/Projects/gherkin/testdata/good/example_token_multiple.feature&quot;)" fullname="Gherkin.Specs.TokenizationTests.TestSuccessfulTokenMatching(&quot;/Users/awi/Projects/gherkin/testdata/good/example_token_multiple.feature&quot;)" methodname="TestSuccessfulTokenMatching" classname="Gherkin.Specs.TokenizationTests" runstate="Runnable" seed="1966347030" result="Passed" start-time="2016-09-28 11:35:17Z" end-time="2016-09-28 11:35:17Z" duration="0.001746" asserts="1" />
            <test-case id="1082" name="TestSuccessfulTokenMatching(&quot;/Users/awi/Projects/gherkin/testdata/good/example_tokens_everywhere.feature&quot;)" fullname="Gherkin.Specs.TokenizationTests.TestSuccessfulTokenMatching(&quot;/Users/awi/Projects/gherkin/testdata/good/example_tokens_everywhere.feature&quot;)" methodname="TestSuccessfulTokenMatching" classname="Gherkin.Specs.TokenizationTests" runstate="Runnable" seed="399107072" result="Passed" start-time="2016-09-28 11:35:17Z" end-time="2016-09-28 11:35:17Z" duration="0.001993" asserts="1" />
            <test-case id="1083" name="TestSuccessfulTokenMatching(&quot;/Users/awi/Projects/gherkin/testdata/good/i18n_emoji.feature&quot;)" fullname="Gherkin.Specs.TokenizationTests.TestSuccessfulTokenMatching(&quot;/Users/awi/Projects/gherkin/testdata/good/i18n_emoji.feature&quot;)" methodname="TestSuccessfulTokenMatching" classname="Gherkin.Specs.TokenizationTests" runstate="Runnable" seed="4644601" result="Passed" start-time="2016-09-28 11:35:17Z" end-time="2016-09-28 11:35:17Z" duration="0.002392" asserts="1" />
            <test-case id="1084" name="TestSuccessfulTokenMatching(&quot;/Users/awi/Projects/gherkin/testdata/good/i18n_fr.feature&quot;)" fullname="Gherkin.Specs.TokenizationTests.TestSuccessfulTokenMatching(&quot;/Users/awi/Projects/gherkin/testdata/good/i18n_fr.feature&quot;)" methodname="TestSuccessfulTokenMatching" classname="Gherkin.Specs.TokenizationTests" runstate="Runnable" seed="1985293423" result="Passed" start-time="2016-09-28 11:35:17Z" end-time="2016-09-28 11:35:17Z" duration="0.009757" asserts="1" />
            <test-case id="1085" name="TestSuccessfulTokenMatching(&quot;/Users/awi/Projects/gherkin/testdata/good/i18n_no.feature&quot;)" fullname="Gherkin.Specs.TokenizationTests.TestSuccessfulTokenMatching(&quot;/Users/awi/Projects/gherkin/testdata/good/i18n_no.feature&quot;)" methodname="TestSuccessfulTokenMatching" classname="Gherkin.Specs.TokenizationTests" runstate="Runnable" seed="1722262078" result="Passed" start-time="2016-09-28 11:35:17Z" end-time="2016-09-28 11:35:17Z" duration="0.003716" asserts="1" />
            <test-case id="1086" name="TestSuccessfulTokenMatching(&quot;/Users/awi/Projects/gherkin/testdata/good/incomplete_background_1.feature&quot;)" fullname="Gherkin.Specs.TokenizationTests.TestSuccessfulTokenMatching(&quot;/Users/awi/Projects/gherkin/testdata/good/incomplete_background_1.feature&quot;)" methodname="TestSuccessfulTokenMatching" classname="Gherkin.Specs.TokenizationTests" runstate="Runnable" seed="485753924" result="Passed" start-time="2016-09-28 11:35:17Z" end-time="2016-09-28 11:35:17Z" duration="0.001780" asserts="1" />
            <test-case id="1087" name="TestSuccessfulTokenMatching(&quot;/Users/awi/Projects/gherkin/testdata/good/incomplete_background_2.feature&quot;)" fullname="Gherkin.Specs.TokenizationTests.TestSuccessfulTokenMatching(&quot;/Users/awi/Projects/gherkin/testdata/good/incomplete_background_2.feature&quot;)" methodname="TestSuccessfulTokenMatching" classname="Gherkin.Specs.TokenizationTests" runstate="Runnable" seed="494425718" result="Passed" start-time="2016-09-28 11:35:17Z" end-time="2016-09-28 11:35:17Z" duration="0.001766" asserts="1" />
            <test-case id="1088" name="TestSuccessfulTokenMatching(&quot;/Users/awi/Projects/gherkin/testdata/good/incomplete_feature_1.feature&quot;)" fullname="Gherkin.Specs.TokenizationTests.TestSuccessfulTokenMatching(&quot;/Users/awi/Projects/gherkin/testdata/good/incomplete_feature_1.feature&quot;)" methodname="TestSuccessfulTokenMatching" classname="Gherkin.Specs.TokenizationTests" runstate="Runnable" seed="950687961" result="Passed" start-time="2016-09-28 11:35:17Z" end-time="2016-09-28 11:35:17Z" duration="0.001468" asserts="1" />
            <test-case id="1089" name="TestSuccessfulTokenMatching(&quot;/Users/awi/Projects/gherkin/testdata/good/incomplete_feature_2.feature&quot;)" fullname="Gherkin.Specs.TokenizationTests.TestSuccessfulTokenMatching(&quot;/Users/awi/Projects/gherkin/testdata/good/incomplete_feature_2.feature&quot;)" methodname="TestSuccessfulTokenMatching" classname="Gherkin.Specs.TokenizationTests" runstate="Runnable" seed="1737650202" result="Passed" start-time="2016-09-28 11:35:17Z" end-time="2016-09-28 11:35:17Z" duration="0.001630" asserts="1" />
            <test-case id="1090" name="TestSuccessfulTokenMatching(&quot;/Users/awi/Projects/gherkin/testdata/good/incomplete_feature_3.feature&quot;)" fullname="Gherkin.Specs.TokenizationTests.TestSuccessfulTokenMatching(&quot;/Users/awi/Projects/gherkin/testdata/good/incomplete_feature_3.feature&quot;)" methodname="TestSuccessfulTokenMatching" classname="Gherkin.Specs.TokenizationTests" runstate="Runnable" seed="1200201642" result="Passed" start-time="2016-09-28 11:35:17Z" end-time="2016-09-28 11:35:17Z" duration="0.001857" asserts="1" />
            <test-case id="1091" name="TestSuccessfulTokenMatching(&quot;/Users/awi/Projects/gherkin/testdata/good/incomplete_scenario.feature&quot;)" fullname="Gherkin.Specs.TokenizationTests.TestSuccessfulTokenMatching(&quot;/Users/awi/Projects/gherkin/testdata/good/incomplete_scenario.feature&quot;)" methodname="TestSuccessfulTokenMatching" classname="Gherkin.Specs.TokenizationTests" runstate="Runnable" seed="165452539" result="Passed" start-time="2016-09-28 11:35:17Z" end-time="2016-09-28 11:35:17Z" duration="0.001908" asserts="1" />
            <test-case id="1092" name="TestSuccessfulTokenMatching(&quot;/Users/awi/Projects/gherkin/testdata/good/incomplete_scenario_outline.feature&quot;)" fullname="Gherkin.Specs.TokenizationTests.TestSuccessfulTokenMatching(&quot;/Users/awi/Projects/gherkin/testdata/good/incomplete_scenario_outline.feature&quot;)" methodname="TestSuccessfulTokenMatching" classname="Gherkin.Specs.TokenizationTests" runstate="Runnable" seed="1506825234" result="Passed" start-time="2016-09-28 11:35:17Z" end-time="2016-09-28 11:35:17Z" duration="0.002292" asserts="1" />
            <test-case id="1093" name="TestSuccessfulTokenMatching(&quot;/Users/awi/Projects/gherkin/testdata/good/language.feature&quot;)" fullname="Gherkin.Specs.TokenizationTests.TestSuccessfulTokenMatching(&quot;/Users/awi/Projects/gherkin/testdata/good/language.feature&quot;)" methodname="TestSuccessfulTokenMatching" classname="Gherkin.Specs.TokenizationTests" runstate="Runnable" seed="869497097" result="Passed" start-time="2016-09-28 11:35:17Z" end-time="2016-09-28 11:35:17Z" duration="0.002369" asserts="1" />
            <test-case id="1094" name="TestSuccessfulTokenMatching(&quot;/Users/awi/Projects/gherkin/testdata/good/minimal.feature&quot;)" fullname="Gherkin.Specs.TokenizationTests.TestSuccessfulTokenMatching(&quot;/Users/awi/Projects/gherkin/testdata/good/minimal.feature&quot;)" methodname="TestSuccessfulTokenMatching" classname="Gherkin.Specs.TokenizationTests" runstate="Runnable" seed="358346770" result="Passed" start-time="2016-09-28 11:35:17Z" end-time="2016-09-28 11:35:17Z" duration="0.001576" asserts="1" />
            <test-case id="1095" name="TestSuccessfulTokenMatching(&quot;/Users/awi/Projects/gherkin/testdata/good/scenario_outline.feature&quot;)" fullname="Gherkin.Specs.TokenizationTests.TestSuccessfulTokenMatching(&quot;/Users/awi/Projects/gherkin/testdata/good/scenario_outline.feature&quot;)" methodname="TestSuccessfulTokenMatching" classname="Gherkin.Specs.TokenizationTests" runstate="Runnable" seed="1652997825" result="Passed" start-time="2016-09-28 11:35:17Z" end-time="2016-09-28 11:35:17Z" duration="0.001642" asserts="1" />
            <test-case id="1096" name="TestSuccessfulTokenMatching(&quot;/Users/awi/Projects/gherkin/testdata/good/scenario_outline_no_newline.feature&quot;)" fullname="Gherkin.Specs.TokenizationTests.TestSuccessfulTokenMatching(&quot;/Users/awi/Projects/gherkin/testdata/good/scenario_outline_no_newline.feature&quot;)" methodname="TestSuccessfulTokenMatching" classname="Gherkin.Specs.TokenizationTests" runstate="Runnable" seed="1144576391" result="Passed" start-time="2016-09-28 11:35:17Z" end-time="2016-09-28 11:35:17Z" duration="0.001788" asserts="1" />
            <test-case id="1097" name="TestSuccessfulTokenMatching(&quot;/Users/awi/Projects/gherkin/testdata/good/scenario_outlines_with_tags.feature&quot;)" fullname="Gherkin.Specs.TokenizationTests.TestSuccessfulTokenMatching(&quot;/Users/awi/Projects/gherkin/testdata/good/scenario_outlines_with_tags.feature&quot;)" methodname="TestSuccessfulTokenMatching" classname="Gherkin.Specs.TokenizationTests" runstate="Runnable" seed="160301556" result="Passed" start-time="2016-09-28 11:35:17Z" end-time="2016-09-28 11:35:17Z" duration="0.001841" asserts="1" />
            <test-case id="1098" name="TestSuccessfulTokenMatching(&quot;/Users/awi/Projects/gherkin/testdata/good/several_examples.feature&quot;)" fullname="Gherkin.Specs.TokenizationTests.TestSuccessfulTokenMatching(&quot;/Users/awi/Projects/gherkin/testdata/good/several_examples.feature&quot;)" methodname="TestSuccessfulTokenMatching" classname="Gherkin.Specs.TokenizationTests" runstate="Runnable" seed="542915730" result="Passed" start-time="2016-09-28 11:35:17Z" end-time="2016-09-28 11:35:17Z" duration="0.001817" asserts="1" />
            <test-case id="1099" name="TestSuccessfulTokenMatching(&quot;/Users/awi/Projects/gherkin/testdata/good/spaces_in_language.feature&quot;)" fullname="Gherkin.Specs.TokenizationTests.TestSuccessfulTokenMatching(&quot;/Users/awi/Projects/gherkin/testdata/good/spaces_in_language.feature&quot;)" methodname="TestSuccessfulTokenMatching" classname="Gherkin.Specs.TokenizationTests" runstate="Runnable" seed="1933051090" result="Passed" start-time="2016-09-28 11:35:17Z" end-time="2016-09-28 11:35:17Z" duration="0.003337" asserts="1" />
            <test-case id="1100" name="TestSuccessfulTokenMatching(&quot;/Users/awi/Projects/gherkin/testdata/good/tags.feature&quot;)" fullname="Gherkin.Specs.TokenizationTests.TestSuccessfulTokenMatching(&quot;/Users/awi/Projects/gherkin/testdata/good/tags.feature&quot;)" methodname="TestSuccessfulTokenMatching" classname="Gherkin.Specs.TokenizationTests" runstate="Runnable" seed="384299882" result="Passed" start-time="2016-09-28 11:35:17Z" end-time="2016-09-28 11:35:17Z" duration="0.001962" asserts="1" />
          </test-suite>
        </test-suite>
      </test-suite>
    </test-suite>
  </test-suite>
</test-run>